{"/home/travis/build/npmtest/node-npmtest-jison/test.js":{"path":"/home/travis/build/npmtest/node-npmtest-jison/test.js","s":{"1":2,"2":2,"3":2,"4":2,"5":2,"6":2,"7":2,"8":1,"9":2,"10":2,"11":1,"12":1,"13":1,"14":1,"15":2,"16":2,"17":2,"18":2,"19":1,"20":1,"21":2,"22":2,"23":2,"24":1,"25":1,"26":1,"27":1,"28":1,"29":1,"30":1,"31":1,"32":1,"33":1,"34":1,"35":1,"36":1,"37":1,"38":1,"39":2,"40":2,"41":1,"42":2,"43":2,"44":1,"45":2,"46":2,"47":1,"48":2,"49":2,"50":1,"51":1,"52":1,"53":1,"54":1},"b":{"1":[2,1,1,1],"2":[1,1,1,1],"3":[1,1],"4":[1,1],"5":[1,1],"6":[1,1],"7":[1,1],"8":[1,1],"9":[1,1],"10":[1,1,1],"11":[1,1],"12":[1,1],"13":[1,1],"14":[1,1],"15":[1,1],"16":[1,1],"17":[1,1]},"f":{"1":2,"2":2,"3":2,"4":2,"5":2,"6":1,"7":1,"8":1,"9":2,"10":2,"11":2,"12":2,"13":1},"fnMap":{"1":{"name":"(anonymous_1)","line":12,"loc":{"start":{"line":12,"column":1},"end":{"line":12,"column":13}}},"2":{"name":"(anonymous_2)","line":19,"loc":{"start":{"line":19,"column":5},"end":{"line":19,"column":17}}},"3":{"name":"(anonymous_3)","line":23,"loc":{"start":{"line":23,"column":24},"end":{"line":23,"column":36}}},"4":{"name":"(anonymous_4)","line":61,"loc":{"start":{"line":61,"column":5},"end":{"line":61,"column":17}}},"5":{"name":"(anonymous_5)","line":82,"loc":{"start":{"line":82,"column":5},"end":{"line":82,"column":17}}},"6":{"name":"(anonymous_6)","line":91,"loc":{"start":{"line":91,"column":77},"end":{"line":94,"column":10}}},"7":{"name":"(anonymous_7)","line":112,"loc":{"start":{"line":112,"column":83},"end":{"line":115,"column":10}},"skip":true},"8":{"name":"(anonymous_8)","line":123,"loc":{"start":{"line":123,"column":77},"end":{"line":126,"column":10}},"skip":true},"9":{"name":"(anonymous_9)","line":139,"loc":{"start":{"line":139,"column":12},"end":{"line":139,"column":40}},"skip":true},"10":{"name":"(anonymous_10)","line":147,"loc":{"start":{"line":147,"column":77},"end":{"line":150,"column":10}},"skip":true},"11":{"name":"(anonymous_11)","line":158,"loc":{"start":{"line":158,"column":83},"end":{"line":161,"column":10}},"skip":true},"12":{"name":"(anonymous_12)","line":169,"loc":{"start":{"line":169,"column":79},"end":{"line":172,"column":10}},"skip":true},"13":{"name":"(anonymous_13)","line":180,"loc":{"start":{"line":180,"column":75},"end":{"line":183,"column":10}},"skip":true}},"statementMap":{"1":{"start":{"line":12,"column":0},"end":{"line":195,"column":5}},"2":{"start":{"line":14,"column":4},"end":{"line":14,"column":14}},"3":{"start":{"line":19,"column":4},"end":{"line":56,"column":9}},"4":{"start":{"line":21,"column":8},"end":{"line":21,"column":19}},"5":{"start":{"line":23,"column":8},"end":{"line":35,"column":13}},"6":{"start":{"line":24,"column":12},"end":{"line":34,"column":13}},"7":{"start":{"line":25,"column":16},"end":{"line":28,"column":30}},"8":{"start":{"line":30,"column":16},"end":{"line":33,"column":27}},"9":{"start":{"line":37,"column":8},"end":{"line":39,"column":21}},"10":{"start":{"line":40,"column":8},"end":{"line":53,"column":9}},"11":{"start":{"line":43,"column":12},"end":{"line":46,"column":14}},"12":{"start":{"line":47,"column":12},"end":{"line":47,"column":18}},"13":{"start":{"line":50,"column":12},"end":{"line":51,"column":46}},"14":{"start":{"line":52,"column":12},"end":{"line":52,"column":18}},"15":{"start":{"line":55,"column":8},"end":{"line":55,"column":35}},"16":{"start":{"line":61,"column":4},"end":{"line":63,"column":9}},"17":{"start":{"line":62,"column":8},"end":{"line":62,"column":15}},"18":{"start":{"line":64,"column":4},"end":{"line":77,"column":5}},"19":{"start":{"line":70,"column":8},"end":{"line":70,"column":14}},"20":{"start":{"line":76,"column":8},"end":{"line":76,"column":14}},"21":{"start":{"line":82,"column":4},"end":{"line":84,"column":9}},"22":{"start":{"line":83,"column":8},"end":{"line":83,"column":15}},"23":{"start":{"line":85,"column":4},"end":{"line":194,"column":5}},"24":{"start":{"line":91,"column":8},"end":{"line":99,"column":10}},"25":{"start":{"line":98,"column":12},"end":{"line":98,"column":35}},"26":{"start":{"line":102,"column":8},"end":{"line":104,"column":63}},"27":{"start":{"line":105,"column":8},"end":{"line":105,"column":14}},"28":{"start":{"line":112,"column":8},"end":{"line":121,"column":10},"skip":true},"29":{"start":{"line":119,"column":12},"end":{"line":119,"column":55},"skip":true},"30":{"start":{"line":120,"column":12},"end":{"line":120,"column":48},"skip":true},"31":{"start":{"line":123,"column":8},"end":{"line":136,"column":10},"skip":true},"32":{"start":{"line":130,"column":12},"end":{"line":130,"column":76},"skip":true},"33":{"start":{"line":131,"column":12},"end":{"line":131,"column":73},"skip":true},"34":{"start":{"line":132,"column":12},"end":{"line":132,"column":74},"skip":true},"35":{"start":{"line":133,"column":12},"end":{"line":133,"column":79},"skip":true},"36":{"start":{"line":134,"column":12},"end":{"line":134,"column":25},"skip":true},"37":{"start":{"line":135,"column":12},"end":{"line":135,"column":45},"skip":true},"38":{"start":{"line":138,"column":8},"end":{"line":145,"column":14},"skip":true},"39":{"start":{"line":143,"column":16},"end":{"line":143,"column":29},"skip":true},"40":{"start":{"line":144,"column":16},"end":{"line":144,"column":55},"skip":true},"41":{"start":{"line":147,"column":8},"end":{"line":156,"column":10},"skip":true},"42":{"start":{"line":154,"column":12},"end":{"line":154,"column":25},"skip":true},"43":{"start":{"line":155,"column":12},"end":{"line":155,"column":45},"skip":true},"44":{"start":{"line":158,"column":8},"end":{"line":167,"column":10},"skip":true},"45":{"start":{"line":165,"column":12},"end":{"line":165,"column":25},"skip":true},"46":{"start":{"line":166,"column":12},"end":{"line":166,"column":48},"skip":true},"47":{"start":{"line":169,"column":8},"end":{"line":178,"column":10},"skip":true},"48":{"start":{"line":176,"column":12},"end":{"line":176,"column":25},"skip":true},"49":{"start":{"line":177,"column":12},"end":{"line":177,"column":46},"skip":true},"50":{"start":{"line":180,"column":8},"end":{"line":189,"column":10},"skip":true},"51":{"start":{"line":187,"column":12},"end":{"line":187,"column":94},"skip":true},"52":{"start":{"line":188,"column":12},"end":{"line":188,"column":48},"skip":true},"53":{"start":{"line":192,"column":8},"end":{"line":192,"column":35},"skip":true},"54":{"start":{"line":193,"column":8},"end":{"line":193,"column":14},"skip":true}},"branchMap":{"1":{"line":25,"type":"binary-expr","locations":[{"start":{"line":25,"column":23},"end":{"line":25,"column":62}},{"start":{"line":26,"column":20},"end":{"line":26,"column":70}},{"start":{"line":27,"column":20},"end":{"line":27,"column":71}},{"start":{"line":28,"column":20},"end":{"line":28,"column":29}}]},"2":{"line":30,"type":"binary-expr","locations":[{"start":{"line":30,"column":23},"end":{"line":30,"column":37}},{"start":{"line":31,"column":20},"end":{"line":31,"column":61}},{"start":{"line":32,"column":20},"end":{"line":32,"column":70}},{"start":{"line":33,"column":20},"end":{"line":33,"column":26}}]},"3":{"line":37,"type":"cond-expr","locations":[{"start":{"line":38,"column":14},"end":{"line":38,"column":20}},{"start":{"line":39,"column":14},"end":{"line":39,"column":20}}]},"4":{"line":40,"type":"switch","locations":[{"start":{"line":42,"column":8},"end":{"line":47,"column":18}},{"start":{"line":49,"column":8},"end":{"line":52,"column":18}}]},"5":{"line":44,"type":"binary-expr","locations":[{"start":{"line":44,"column":16},"end":{"line":44,"column":44}},{"start":{"line":44,"column":48},"end":{"line":44,"column":66}}]},"6":{"line":50,"type":"binary-expr","locations":[{"start":{"line":50,"column":21},"end":{"line":50,"column":49}},{"start":{"line":50,"column":53},"end":{"line":50,"column":72}}]},"7":{"line":64,"type":"switch","locations":[{"start":{"line":69,"column":4},"end":{"line":70,"column":14}},{"start":{"line":75,"column":4},"end":{"line":76,"column":14}}]},"8":{"line":85,"type":"switch","locations":[{"start":{"line":90,"column":4},"end":{"line":105,"column":14}},{"start":{"line":111,"column":4},"end":{"line":193,"column":14},"skip":true}]},"9":{"line":91,"type":"binary-expr","locations":[{"start":{"line":91,"column":42},"end":{"line":91,"column":73}},{"start":{"line":91,"column":77},"end":{"line":99,"column":9}}]},"10":{"line":102,"type":"binary-expr","locations":[{"start":{"line":102,"column":18},"end":{"line":102,"column":32}},{"start":{"line":103,"column":12},"end":{"line":103,"column":53}},{"start":{"line":104,"column":12},"end":{"line":104,"column":61}}]},"11":{"line":112,"type":"binary-expr","locations":[{"start":{"line":112,"column":45},"end":{"line":112,"column":79},"skip":true},{"start":{"line":112,"column":83},"end":{"line":121,"column":9},"skip":true}]},"12":{"line":123,"type":"binary-expr","locations":[{"start":{"line":123,"column":42},"end":{"line":123,"column":73},"skip":true},{"start":{"line":123,"column":77},"end":{"line":136,"column":9},"skip":true}]},"13":{"line":138,"type":"binary-expr","locations":[{"start":{"line":138,"column":48},"end":{"line":138,"column":85},"skip":true},{"start":{"line":139,"column":12},"end":{"line":145,"column":13},"skip":true}]},"14":{"line":147,"type":"binary-expr","locations":[{"start":{"line":147,"column":42},"end":{"line":147,"column":73},"skip":true},{"start":{"line":147,"column":77},"end":{"line":156,"column":9},"skip":true}]},"15":{"line":158,"type":"binary-expr","locations":[{"start":{"line":158,"column":45},"end":{"line":158,"column":79},"skip":true},{"start":{"line":158,"column":83},"end":{"line":167,"column":9},"skip":true}]},"16":{"line":169,"type":"binary-expr","locations":[{"start":{"line":169,"column":43},"end":{"line":169,"column":75},"skip":true},{"start":{"line":169,"column":79},"end":{"line":178,"column":9},"skip":true}]},"17":{"line":180,"type":"binary-expr","locations":[{"start":{"line":180,"column":41},"end":{"line":180,"column":71},"skip":true},{"start":{"line":180,"column":75},"end":{"line":189,"column":9},"skip":true}]}},"code":["/* istanbul instrument in package npmtest_jison */","/*jslint","    bitwise: true,","    browser: true,","    maxerr: 8,","    maxlen: 96,","    node: true,","    nomen: true,","    regexp: true,","    stupid: true","*/","(function () {","    'use strict';","    var local;","","","","    // run shared js-env code - pre-init","    (function () {","        // init local","        local = {};","        // init modeJs","        local.modeJs = (function () {","            try {","                return typeof navigator.userAgent === 'string' &&","                    typeof document.querySelector('body') === 'object' &&","                    typeof XMLHttpRequest.prototype.open === 'function' &&","                    'browser';","            } catch (errorCaughtBrowser) {","                return module.exports &&","                    typeof process.versions.node === 'string' &&","                    typeof require('http').createServer === 'function' &&","                    'node';","            }","        }());","        // init global","        local.global = local.modeJs === 'browser'","            ? window","            : global;","        switch (local.modeJs) {","        // re-init local from window.local","        case 'browser':","            local = local.global.utility2.objectSetDefault(","                local.global.utility2_rollup || local.global.local,","                local.global.utility2","            );","            break;","        // re-init local from example.js","        case 'node':","            local = (local.global.utility2_rollup || require('utility2'))","                .requireExampleJsFromReadme();","            break;","        }","        // export local","        local.global.local = local;","    }());","","","","    // run shared js-env code - function","    (function () {","        return;","    }());","    switch (local.modeJs) {","","","","    // run browser js-env code - function","    case 'browser':","        break;","","","","    // run node js-env code - function","    case 'node':","        break;","    }","","","","    // run shared js-env code - post-init","    (function () {","        return;","    }());","    switch (local.modeJs) {","","","","    // run browser js-env code - post-init","    case 'browser':","        local.testCase_browser_nullCase = local.testCase_browser_nullCase || function (","            options,","            onError","        ) {","        /*","         * this function will test browsers's null-case handling-behavior-behavior","         */","            onError(null, options);","        };","","        // run tests","        local.nop(local.modeTest &&","            document.querySelector('#testRunButton1') &&","            document.querySelector('#testRunButton1').click());","        break;","","","","    // run node js-env code - post-init","    /* istanbul ignore next */","    case 'node':","        local.testCase_buildApidoc_default = local.testCase_buildApidoc_default || function (","            options,","            onError","        ) {","        /*","         * this function will test buildApidoc's default handling-behavior-behavior","         */","            options = { modulePathList: module.paths };","            local.buildApidoc(options, onError);","        };","","        local.testCase_buildApp_default = local.testCase_buildApp_default || function (","            options,","            onError","        ) {","        /*","         * this function will test buildApp's default handling-behavior-behavior","         */","            local.testCase_buildReadme_default(options, local.onErrorThrow);","            local.testCase_buildLib_default(options, local.onErrorThrow);","            local.testCase_buildTest_default(options, local.onErrorThrow);","            local.testCase_buildCustomOrg_default(options, local.onErrorThrow);","            options = [];","            local.buildApp(options, onError);","        };","","        local.testCase_buildCustomOrg_default = local.testCase_buildCustomOrg_default ||","            function (options, onError) {","            /*","             * this function will test buildCustomOrg's default handling-behavior","             */","                options = {};","                local.buildCustomOrg(options, onError);","            };","","        local.testCase_buildLib_default = local.testCase_buildLib_default || function (","            options,","            onError","        ) {","        /*","         * this function will test buildLib's default handling-behavior","         */","            options = {};","            local.buildLib(options, onError);","        };","","        local.testCase_buildReadme_default = local.testCase_buildReadme_default || function (","            options,","            onError","        ) {","        /*","         * this function will test buildReadme's default handling-behavior-behavior","         */","            options = {};","            local.buildReadme(options, onError);","        };","","        local.testCase_buildTest_default = local.testCase_buildTest_default || function (","            options,","            onError","        ) {","        /*","         * this function will test buildTest's default handling-behavior","         */","            options = {};","            local.buildTest(options, onError);","        };","","        local.testCase_webpage_default = local.testCase_webpage_default || function (","            options,","            onError","        ) {","        /*","         * this function will test webpage's default handling-behavior","         */","            options = { modeCoverageMerge: true, url: local.serverLocalHost + '?modeTest=1' };","            local.browserTest(options, onError);","        };","","        // run test-server","        local.testRunServer(local);","        break;","    }","}());",""],"l":{"12":2,"14":2,"19":2,"21":2,"23":2,"24":2,"25":2,"30":1,"37":2,"40":2,"43":1,"47":1,"50":1,"52":1,"55":2,"61":2,"62":2,"64":2,"70":1,"76":1,"82":2,"83":2,"85":2,"91":1,"98":1,"102":1,"105":1,"112":1,"119":1,"120":1,"123":1,"130":1,"131":1,"132":1,"133":1,"134":1,"135":1,"138":1,"143":2,"144":2,"147":1,"154":2,"155":2,"158":1,"165":2,"166":2,"169":1,"176":2,"177":2,"180":1,"187":1,"188":1,"192":1,"193":1}},"/home/travis/build/npmtest/node-npmtest-jison/lib.npmtest_jison.js":{"path":"/home/travis/build/npmtest/node-npmtest-jison/lib.npmtest_jison.js","s":{"1":2,"2":2,"3":2,"4":2,"5":2,"6":2,"7":2,"8":1,"9":2,"10":2,"11":2,"12":2,"13":1,"14":1,"15":1,"16":1},"b":{"1":[2,1,1,1],"2":[1,1,1,1],"3":[1,1],"4":[2,2],"5":[1,1]},"f":{"1":2,"2":2,"3":2},"fnMap":{"1":{"name":"(anonymous_1)","line":12,"loc":{"start":{"line":12,"column":1},"end":{"line":12,"column":13}}},"2":{"name":"(anonymous_2)","line":19,"loc":{"start":{"line":19,"column":5},"end":{"line":19,"column":17}}},"3":{"name":"(anonymous_3)","line":23,"loc":{"start":{"line":23,"column":24},"end":{"line":23,"column":36}}}},"statementMap":{"1":{"start":{"line":12,"column":0},"end":{"line":53,"column":5}},"2":{"start":{"line":14,"column":4},"end":{"line":14,"column":14}},"3":{"start":{"line":19,"column":4},"end":{"line":52,"column":9}},"4":{"start":{"line":21,"column":8},"end":{"line":21,"column":19}},"5":{"start":{"line":23,"column":8},"end":{"line":35,"column":13}},"6":{"start":{"line":24,"column":12},"end":{"line":34,"column":13}},"7":{"start":{"line":25,"column":16},"end":{"line":28,"column":30}},"8":{"start":{"line":30,"column":16},"end":{"line":33,"column":27}},"9":{"start":{"line":37,"column":8},"end":{"line":39,"column":21}},"10":{"start":{"line":41,"column":8},"end":{"line":41,"column":54}},"11":{"start":{"line":43,"column":8},"end":{"line":43,"column":50}},"12":{"start":{"line":45,"column":8},"end":{"line":51,"column":9}},"13":{"start":{"line":46,"column":12},"end":{"line":46,"column":56}},"14":{"start":{"line":48,"column":12},"end":{"line":48,"column":35}},"15":{"start":{"line":49,"column":12},"end":{"line":49,"column":49}},"16":{"start":{"line":50,"column":12},"end":{"line":50,"column":43}}},"branchMap":{"1":{"line":25,"type":"binary-expr","locations":[{"start":{"line":25,"column":23},"end":{"line":25,"column":62}},{"start":{"line":26,"column":20},"end":{"line":26,"column":70}},{"start":{"line":27,"column":20},"end":{"line":27,"column":71}},{"start":{"line":28,"column":20},"end":{"line":28,"column":29}}]},"2":{"line":30,"type":"binary-expr","locations":[{"start":{"line":30,"column":23},"end":{"line":30,"column":37}},{"start":{"line":31,"column":20},"end":{"line":31,"column":61}},{"start":{"line":32,"column":20},"end":{"line":32,"column":70}},{"start":{"line":33,"column":20},"end":{"line":33,"column":26}}]},"3":{"line":37,"type":"cond-expr","locations":[{"start":{"line":38,"column":14},"end":{"line":38,"column":20}},{"start":{"line":39,"column":14},"end":{"line":39,"column":20}}]},"4":{"line":41,"type":"binary-expr","locations":[{"start":{"line":41,"column":16},"end":{"line":41,"column":44}},{"start":{"line":41,"column":48},"end":{"line":41,"column":53}}]},"5":{"line":45,"type":"if","locations":[{"start":{"line":45,"column":8},"end":{"line":45,"column":8}},{"start":{"line":45,"column":8},"end":{"line":45,"column":8}}]}},"code":["/* istanbul instrument in package npmtest_jison */","/*jslint","    bitwise: true,","    browser: true,","    maxerr: 8,","    maxlen: 96,","    node: true,","    nomen: true,","    regexp: true,","    stupid: true","*/","(function () {","    'use strict';","    var local;","","","","    // run shared js-env code - pre-init","    (function () {","        // init local","        local = {};","        // init modeJs","        local.modeJs = (function () {","            try {","                return typeof navigator.userAgent === 'string' &&","                    typeof document.querySelector('body') === 'object' &&","                    typeof XMLHttpRequest.prototype.open === 'function' &&","                    'browser';","            } catch (errorCaughtBrowser) {","                return module.exports &&","                    typeof process.versions.node === 'string' &&","                    typeof require('http').createServer === 'function' &&","                    'node';","            }","        }());","        // init global","        local.global = local.modeJs === 'browser'","            ? window","            : global;","        // init utility2_rollup","        local = local.global.utility2_rollup || local;","        // init lib","        local.local = local.npmtest_jison = local;","        // init exports","        if (local.modeJs === 'browser') {","            local.global.utility2_npmtest_jison = local;","        } else {","            module.exports = local;","            module.exports.__dirname = __dirname;","            module.exports.module = module;","        }","    }());","}());",""],"l":{"12":2,"14":2,"19":2,"21":2,"23":2,"24":2,"25":2,"30":1,"37":2,"41":2,"43":2,"45":2,"46":1,"48":1,"49":1,"50":1}},"/home/travis/build/npmtest/node-npmtest-jison/example.js":{"path":"/home/travis/build/npmtest/node-npmtest-jison/example.js","s":{"1":2,"2":2,"3":2,"4":2,"5":2,"6":2,"7":2,"8":1,"9":2,"10":2,"11":2,"12":2,"13":1,"14":2,"15":2,"16":2,"17":2,"18":2,"19":0,"20":2,"21":1,"22":1,"23":1,"24":1,"25":1,"26":0,"27":0,"28":1,"29":1,"30":2,"31":0,"32":0,"33":0,"34":1,"35":2,"36":2,"37":3,"38":3,"39":3,"40":3,"41":0,"42":3,"43":3,"44":3,"45":1,"46":3,"47":1,"48":1,"49":1,"50":1,"51":1,"52":1,"53":1,"54":1,"55":1,"56":1,"57":0,"58":1,"59":6,"60":6,"61":1,"62":2,"63":0,"64":2,"65":1,"66":1,"67":0,"68":0,"69":0,"70":0,"71":0,"72":0,"73":0,"74":0,"75":0,"76":0,"77":0,"78":0,"79":0,"80":0,"81":0,"82":0,"83":0},"b":{"1":[2,1,1,1],"2":[1,1,1,1],"3":[1,1],"4":[2,2],"5":[1,1],"6":[1,1],"7":[2,0],"8":[2,1,1,1,1,1],"9":[0,2,0],"10":[1,1],"11":[2,1,1],"12":[1,0],"13":[0,2],"14":[2,0,0,0,0,0,0],"15":[0,3],"16":[3,0],"17":[1,1],"18":[0,1],"19":[1,2,0,2],"20":[1,0],"21":[1,1],"22":[0,0],"23":[0,0],"24":[0,0],"25":[0,0],"26":[0,0],"27":[0,0],"28":[0,0]},"f":{"1":2,"2":2,"3":2,"4":2,"5":2,"6":2,"7":3,"8":3,"9":3,"10":1,"11":6,"12":0},"fnMap":{"1":{"name":"(anonymous_1)","line":26,"loc":{"start":{"line":26,"column":1},"end":{"line":26,"column":13}}},"2":{"name":"(anonymous_2)","line":33,"loc":{"start":{"line":33,"column":5},"end":{"line":33,"column":17}}},"3":{"name":"(anonymous_3)","line":37,"loc":{"start":{"line":37,"column":24},"end":{"line":37,"column":36}}},"4":{"name":"(anonymous_4)","line":69,"loc":{"start":{"line":69,"column":31},"end":{"line":69,"column":48}},"skip":true},"5":{"name":"(anonymous_5)","line":78,"loc":{"start":{"line":78,"column":26},"end":{"line":78,"column":45}},"skip":true},"6":{"name":"(anonymous_6)","line":123,"loc":{"start":{"line":123,"column":33},"end":{"line":123,"column":48}},"skip":true},"7":{"name":"(anonymous_7)","line":125,"loc":{"start":{"line":125,"column":27},"end":{"line":125,"column":39}},"skip":true},"8":{"name":"(anonymous_8)","line":133,"loc":{"start":{"line":133,"column":59},"end":{"line":133,"column":74}},"skip":true},"9":{"name":"(anonymous_9)","line":143,"loc":{"start":{"line":143,"column":45},"end":{"line":143,"column":62}},"skip":true},"10":{"name":"(anonymous_10)","line":144,"loc":{"start":{"line":144,"column":73},"end":{"line":144,"column":92}},"skip":true},"11":{"name":"(anonymous_11)","line":272,"loc":{"start":{"line":272,"column":51},"end":{"line":272,"column":77}},"skip":true},"12":{"name":"(anonymous_12)","line":315,"loc":{"start":{"line":315,"column":32},"end":{"line":315,"column":61}},"skip":true}},"statementMap":{"1":{"start":{"line":26,"column":0},"end":{"line":326,"column":5}},"2":{"start":{"line":28,"column":4},"end":{"line":28,"column":14}},"3":{"start":{"line":33,"column":4},"end":{"line":60,"column":9}},"4":{"start":{"line":35,"column":8},"end":{"line":35,"column":19}},"5":{"start":{"line":37,"column":8},"end":{"line":49,"column":13}},"6":{"start":{"line":38,"column":12},"end":{"line":48,"column":13}},"7":{"start":{"line":39,"column":16},"end":{"line":42,"column":30}},"8":{"start":{"line":44,"column":16},"end":{"line":47,"column":27}},"9":{"start":{"line":51,"column":8},"end":{"line":53,"column":21}},"10":{"start":{"line":55,"column":8},"end":{"line":57,"column":45}},"11":{"start":{"line":59,"column":8},"end":{"line":59,"column":35}},"12":{"start":{"line":61,"column":4},"end":{"line":325,"column":5}},"13":{"start":{"line":69,"column":8},"end":{"line":121,"column":10},"skip":true},"14":{"start":{"line":70,"column":12},"end":{"line":88,"column":13},"skip":true},"15":{"start":{"line":76,"column":16},"end":{"line":87,"column":19},"skip":true},"16":{"start":{"line":79,"column":20},"end":{"line":86,"column":21},"skip":true},"17":{"start":{"line":82,"column":24},"end":{"line":82,"column":43},"skip":true},"18":{"start":{"line":83,"column":24},"end":{"line":83,"column":30},"skip":true},"19":{"start":{"line":85,"column":24},"end":{"line":85,"column":49},"skip":true},"20":{"start":{"line":89,"column":12},"end":{"line":107,"column":13},"skip":true},"21":{"start":{"line":92,"column":16},"end":{"line":102,"column":17},"skip":true},"22":{"start":{"line":93,"column":20},"end":{"line":93,"column":86},"skip":true},"23":{"start":{"line":94,"column":20},"end":{"line":95,"column":45},"skip":true},"24":{"start":{"line":96,"column":20},"end":{"line":96,"column":42},"skip":true},"25":{"start":{"line":97,"column":20},"end":{"line":97,"column":48},"skip":true},"26":{"start":{"line":100,"column":20},"end":{"line":100,"column":85},"skip":true},"27":{"start":{"line":101,"column":20},"end":{"line":101,"column":96},"skip":true},"28":{"start":{"line":103,"column":16},"end":{"line":103,"column":22},"skip":true},"29":{"start":{"line":106,"column":16},"end":{"line":106,"column":22},"skip":true},"30":{"start":{"line":108,"column":12},"end":{"line":120,"column":13},"skip":true},"31":{"start":{"line":114,"column":16},"end":{"line":119,"column":17},"skip":true},"32":{"start":{"line":116,"column":20},"end":{"line":116,"column":78},"skip":true},"33":{"start":{"line":118,"column":20},"end":{"line":118,"column":47},"skip":true},"34":{"start":{"line":123,"column":8},"end":{"line":141,"column":11},"skip":true},"35":{"start":{"line":124,"column":12},"end":{"line":124,"column":54},"skip":true},"36":{"start":{"line":125,"column":12},"end":{"line":140,"column":14},"skip":true},"37":{"start":{"line":126,"column":16},"end":{"line":126,"column":28},"skip":true},"38":{"start":{"line":127,"column":16},"end":{"line":127,"column":69},"skip":true},"39":{"start":{"line":128,"column":16},"end":{"line":128,"column":75},"skip":true},"40":{"start":{"line":129,"column":16},"end":{"line":131,"column":17},"skip":true},"41":{"start":{"line":130,"column":20},"end":{"line":130,"column":27},"skip":true},"42":{"start":{"line":133,"column":16},"end":{"line":137,"column":36},"skip":true},"43":{"start":{"line":134,"column":20},"end":{"line":136,"column":55},"skip":true},"44":{"start":{"line":139,"column":16},"end":{"line":139,"column":57},"skip":true},"45":{"start":{"line":143,"column":8},"end":{"line":147,"column":11},"skip":true},"46":{"start":{"line":144,"column":12},"end":{"line":146,"column":15},"skip":true},"47":{"start":{"line":145,"column":16},"end":{"line":145,"column":70},"skip":true},"48":{"start":{"line":149,"column":8},"end":{"line":149,"column":31},"skip":true},"49":{"start":{"line":150,"column":8},"end":{"line":150,"column":14},"skip":true},"50":{"start":{"line":158,"column":8},"end":{"line":158,"column":31},"skip":true},"51":{"start":{"line":160,"column":8},"end":{"line":160,"column":33},"skip":true},"52":{"start":{"line":161,"column":8},"end":{"line":161,"column":37},"skip":true},"53":{"start":{"line":162,"column":8},"end":{"line":162,"column":35},"skip":true},"54":{"start":{"line":164,"column":8},"end":{"line":164,"column":50},"skip":true},"55":{"start":{"line":166,"column":8},"end":{"line":256,"column":2},"skip":true},"56":{"start":{"line":258,"column":8},"end":{"line":286,"column":9},"skip":true},"57":{"start":{"line":259,"column":12},"end":{"line":269,"column":14},"skip":true},"58":{"start":{"line":271,"column":12},"end":{"line":285,"column":19},"skip":true},"59":{"start":{"line":274,"column":20},"end":{"line":274,"column":35},"skip":true},"60":{"start":{"line":275,"column":20},"end":{"line":284,"column":21},"skip":true},"61":{"start":{"line":277,"column":24},"end":{"line":277,"column":64},"skip":true},"62":{"start":{"line":279,"column":24},"end":{"line":279,"column":40},"skip":true},"63":{"start":{"line":281,"column":24},"end":{"line":281,"column":40},"skip":true},"64":{"start":{"line":283,"column":24},"end":{"line":283,"column":39},"skip":true},"65":{"start":{"line":288,"column":8},"end":{"line":290,"column":9},"skip":true},"66":{"start":{"line":289,"column":12},"end":{"line":289,"column":18},"skip":true},"67":{"start":{"line":291,"column":8},"end":{"line":293,"column":54},"skip":true},"68":{"start":{"line":296,"column":8},"end":{"line":301,"column":37},"skip":true},"69":{"start":{"line":303,"column":8},"end":{"line":303,"column":82},"skip":true},"70":{"start":{"line":306,"column":8},"end":{"line":308,"column":9},"skip":true},"71":{"start":{"line":307,"column":12},"end":{"line":307,"column":82},"skip":true},"72":{"start":{"line":310,"column":8},"end":{"line":312,"column":9},"skip":true},"73":{"start":{"line":311,"column":12},"end":{"line":311,"column":18},"skip":true},"74":{"start":{"line":313,"column":8},"end":{"line":313,"column":54},"skip":true},"75":{"start":{"line":314,"column":8},"end":{"line":314,"column":69},"skip":true},"76":{"start":{"line":315,"column":8},"end":{"line":323,"column":36},"skip":true},"77":{"start":{"line":316,"column":12},"end":{"line":316,"column":61},"skip":true},"78":{"start":{"line":317,"column":12},"end":{"line":320,"column":13},"skip":true},"79":{"start":{"line":318,"column":16},"end":{"line":318,"column":75},"skip":true},"80":{"start":{"line":319,"column":16},"end":{"line":319,"column":23},"skip":true},"81":{"start":{"line":321,"column":12},"end":{"line":321,"column":38},"skip":true},"82":{"start":{"line":322,"column":12},"end":{"line":322,"column":27},"skip":true},"83":{"start":{"line":324,"column":8},"end":{"line":324,"column":14},"skip":true}},"branchMap":{"1":{"line":39,"type":"binary-expr","locations":[{"start":{"line":39,"column":23},"end":{"line":39,"column":62}},{"start":{"line":40,"column":20},"end":{"line":40,"column":70}},{"start":{"line":41,"column":20},"end":{"line":41,"column":71}},{"start":{"line":42,"column":20},"end":{"line":42,"column":29}}]},"2":{"line":44,"type":"binary-expr","locations":[{"start":{"line":44,"column":23},"end":{"line":44,"column":37}},{"start":{"line":45,"column":20},"end":{"line":45,"column":61}},{"start":{"line":46,"column":20},"end":{"line":46,"column":70}},{"start":{"line":47,"column":20},"end":{"line":47,"column":26}}]},"3":{"line":51,"type":"cond-expr","locations":[{"start":{"line":52,"column":14},"end":{"line":52,"column":20}},{"start":{"line":53,"column":14},"end":{"line":53,"column":20}}]},"4":{"line":55,"type":"binary-expr","locations":[{"start":{"line":55,"column":16},"end":{"line":55,"column":44}},{"start":{"line":55,"column":49},"end":{"line":57,"column":43}}]},"5":{"line":55,"type":"cond-expr","locations":[{"start":{"line":56,"column":14},"end":{"line":56,"column":49}},{"start":{"line":57,"column":14},"end":{"line":57,"column":43}}]},"6":{"line":61,"type":"switch","locations":[{"start":{"line":68,"column":4},"end":{"line":150,"column":14},"skip":true},{"start":{"line":156,"column":4},"end":{"line":324,"column":14},"skip":true}]},"7":{"line":70,"type":"if","locations":[{"start":{"line":70,"column":12},"end":{"line":70,"column":12},"skip":true},{"start":{"line":70,"column":12},"end":{"line":70,"column":12},"skip":true}]},"8":{"line":70,"type":"binary-expr","locations":[{"start":{"line":70,"column":16},"end":{"line":70,"column":22},"skip":true},{"start":{"line":70,"column":27},"end":{"line":70,"column":32},"skip":true},{"start":{"line":71,"column":20},"end":{"line":71,"column":39},"skip":true},{"start":{"line":72,"column":20},"end":{"line":72,"column":49},"skip":true},{"start":{"line":73,"column":20},"end":{"line":73,"column":58},"skip":true},{"start":{"line":74,"column":20},"end":{"line":74,"column":69},"skip":true}]},"9":{"line":79,"type":"switch","locations":[{"start":{"line":80,"column":20},"end":{"line":80,"column":33},"skip":true},{"start":{"line":81,"column":20},"end":{"line":83,"column":30},"skip":true},{"start":{"line":84,"column":20},"end":{"line":85,"column":49},"skip":true}]},"10":{"line":89,"type":"switch","locations":[{"start":{"line":90,"column":12},"end":{"line":103,"column":22},"skip":true},{"start":{"line":105,"column":12},"end":{"line":106,"column":22},"skip":true}]},"11":{"line":89,"type":"binary-expr","locations":[{"start":{"line":89,"column":20},"end":{"line":89,"column":25},"skip":true},{"start":{"line":89,"column":29},"end":{"line":89,"column":48},"skip":true},{"start":{"line":89,"column":52},"end":{"line":89,"column":74},"skip":true}]},"12":{"line":92,"type":"if","locations":[{"start":{"line":92,"column":16},"end":{"line":92,"column":16},"skip":true},{"start":{"line":92,"column":16},"end":{"line":92,"column":16},"skip":true}]},"13":{"line":108,"type":"if","locations":[{"start":{"line":108,"column":12},"end":{"line":108,"column":12},"skip":true},{"start":{"line":108,"column":12},"end":{"line":108,"column":12},"skip":true}]},"14":{"line":108,"type":"binary-expr","locations":[{"start":{"line":108,"column":16},"end":{"line":108,"column":61},"skip":true},{"start":{"line":108,"column":66},"end":{"line":108,"column":72},"skip":true},{"start":{"line":108,"column":77},"end":{"line":108,"column":82},"skip":true},{"start":{"line":109,"column":20},"end":{"line":109,"column":39},"skip":true},{"start":{"line":110,"column":20},"end":{"line":110,"column":49},"skip":true},{"start":{"line":111,"column":20},"end":{"line":111,"column":58},"skip":true},{"start":{"line":112,"column":20},"end":{"line":112,"column":68},"skip":true}]},"15":{"line":129,"type":"if","locations":[{"start":{"line":129,"column":16},"end":{"line":129,"column":16},"skip":true},{"start":{"line":129,"column":16},"end":{"line":129,"column":16},"skip":true}]},"16":{"line":134,"type":"cond-expr","locations":[{"start":{"line":135,"column":26},"end":{"line":135,"column":29},"skip":true},{"start":{"line":136,"column":26},"end":{"line":136,"column":54},"skip":true}]},"17":{"line":164,"type":"binary-expr","locations":[{"start":{"line":164,"column":27},"end":{"line":164,"column":43},"skip":true},{"start":{"line":164,"column":47},"end":{"line":164,"column":49},"skip":true}]},"18":{"line":258,"type":"if","locations":[{"start":{"line":258,"column":8},"end":{"line":258,"column":8},"skip":true},{"start":{"line":258,"column":8},"end":{"line":258,"column":8},"skip":true}]},"19":{"line":275,"type":"switch","locations":[{"start":{"line":276,"column":20},"end":{"line":277,"column":64},"skip":true},{"start":{"line":278,"column":20},"end":{"line":279,"column":40},"skip":true},{"start":{"line":280,"column":20},"end":{"line":281,"column":40},"skip":true},{"start":{"line":282,"column":20},"end":{"line":283,"column":39},"skip":true}]},"20":{"line":288,"type":"if","locations":[{"start":{"line":288,"column":8},"end":{"line":288,"column":8},"skip":true},{"start":{"line":288,"column":8},"end":{"line":288,"column":8},"skip":true}]},"21":{"line":288,"type":"binary-expr","locations":[{"start":{"line":288,"column":12},"end":{"line":288,"column":40},"skip":true},{"start":{"line":288,"column":44},"end":{"line":288,"column":67},"skip":true}]},"22":{"line":292,"type":"binary-expr","locations":[{"start":{"line":292,"column":12},"end":{"line":292,"column":50},"skip":true},{"start":{"line":293,"column":12},"end":{"line":293,"column":53},"skip":true}]},"23":{"line":297,"type":"binary-expr","locations":[{"start":{"line":297,"column":12},"end":{"line":297,"column":63},"skip":true},{"start":{"line":298,"column":12},"end":{"line":301,"column":36},"skip":true}]},"24":{"line":303,"type":"binary-expr","locations":[{"start":{"line":303,"column":43},"end":{"line":303,"column":75},"skip":true},{"start":{"line":303,"column":79},"end":{"line":303,"column":81},"skip":true}]},"25":{"line":306,"type":"if","locations":[{"start":{"line":306,"column":8},"end":{"line":306,"column":8},"skip":true},{"start":{"line":306,"column":8},"end":{"line":306,"column":8},"skip":true}]},"26":{"line":310,"type":"if","locations":[{"start":{"line":310,"column":8},"end":{"line":310,"column":8},"skip":true},{"start":{"line":310,"column":8},"end":{"line":310,"column":8},"skip":true}]},"27":{"line":313,"type":"binary-expr","locations":[{"start":{"line":313,"column":27},"end":{"line":313,"column":43},"skip":true},{"start":{"line":313,"column":47},"end":{"line":313,"column":53},"skip":true}]},"28":{"line":317,"type":"if","locations":[{"start":{"line":317,"column":12},"end":{"line":317,"column":12},"skip":true},{"start":{"line":317,"column":12},"end":{"line":317,"column":12},"skip":true}]}},"code":["/*","example.js","","quickstart example","","instruction","    1. save this script as example.js","    2. run the shell command:","        $ npm install npmtest-jison && PORT=8081 node example.js","    3. play with the browser-demo on http://127.0.0.1:8081","*/","","","","/* istanbul instrument in package npmtest_jison */","/*jslint","    bitwise: true,","    browser: true,","    maxerr: 8,","    maxlen: 96,","    node: true,","    nomen: true,","    regexp: true,","    stupid: true","*/","(function () {","    'use strict';","    var local;","","","","    // run shared js-env code - pre-init","    (function () {","        // init local","        local = {};","        // init modeJs","        local.modeJs = (function () {","            try {","                return typeof navigator.userAgent === 'string' &&","                    typeof document.querySelector('body') === 'object' &&","                    typeof XMLHttpRequest.prototype.open === 'function' &&","                    'browser';","            } catch (errorCaughtBrowser) {","                return module.exports &&","                    typeof process.versions.node === 'string' &&","                    typeof require('http').createServer === 'function' &&","                    'node';","            }","        }());","        // init global","        local.global = local.modeJs === 'browser'","            ? window","            : global;","        // init utility2_rollup","        local = local.global.utility2_rollup || (local.modeJs === 'browser'","            ? local.global.utility2_npmtest_jison","            : global.utility2_moduleExports);","        // export local","        local.global.local = local;","    }());","    switch (local.modeJs) {","","","","    // post-init","    // run browser js-env code - post-init","    /* istanbul ignore next */","    case 'browser':","        local.testRunBrowser = function (event) {","            if (!event || (event &&","                    event.currentTarget &&","                    event.currentTarget.className &&","                    event.currentTarget.className.includes &&","                    event.currentTarget.className.includes('onreset'))) {","                // reset output","                Array.from(","                    document.querySelectorAll('body > .resettable')","                ).forEach(function (element) {","                    switch (element.tagName) {","                    case 'INPUT':","                    case 'TEXTAREA':","                        element.value = '';","                        break;","                    default:","                        element.textContent = '';","                    }","                });","            }","            switch (event && event.currentTarget && event.currentTarget.id) {","            case 'testRunButton1':","                // show tests","                if (document.querySelector('#testReportDiv1').style.display === 'none') {","                    document.querySelector('#testReportDiv1').style.display = 'block';","                    document.querySelector('#testRunButton1').textContent =","                        'hide internal test';","                    local.modeTest = true;","                    local.testRunDefault(local);","                // hide tests","                } else {","                    document.querySelector('#testReportDiv1').style.display = 'none';","                    document.querySelector('#testRunButton1').textContent = 'run internal test';","                }","                break;","            // custom-case","            default:","                break;","            }","            if (document.querySelector('#inputTextareaEval1') && (!event || (event &&","                    event.currentTarget &&","                    event.currentTarget.className &&","                    event.currentTarget.className.includes &&","                    event.currentTarget.className.includes('oneval')))) {","                // try to eval input-code","                try {","                    /*jslint evil: true*/","                    eval(document.querySelector('#inputTextareaEval1').value);","                } catch (errorCaught) {","                    console.error(errorCaught);","                }","            }","        };","        // log stderr and stdout to #outputTextareaStdout1","        ['error', 'log'].forEach(function (key) {","            console[key + '_original'] = console[key];","            console[key] = function () {","                var element;","                console[key + '_original'].apply(console, arguments);","                element = document.querySelector('#outputTextareaStdout1');","                if (!element) {","                    return;","                }","                // append text to #outputTextareaStdout1","                element.value += Array.from(arguments).map(function (arg) {","                    return typeof arg === 'string'","                        ? arg","                        : JSON.stringify(arg, null, 4);","                }).join(' ') + '\\n';","                // scroll textarea to bottom","                element.scrollTop = element.scrollHeight;","            };","        });","        // init event-handling","        ['change', 'click', 'keyup'].forEach(function (event) {","            Array.from(document.querySelectorAll('.on' + event)).forEach(function (element) {","                element.addEventListener(event, local.testRunBrowser);","            });","        });","        // run tests","        local.testRunBrowser();","        break;","","","","    // run node js-env code - post-init","    /* istanbul ignore next */","    case 'node':","        // export local","        module.exports = local;","        // require modules","        local.fs = require('fs');","        local.http = require('http');","        local.url = require('url');","        // init assets","        local.assetsDict = local.assetsDict || {};","        /* jslint-ignore-begin */","        local.assetsDict['/assets.index.template.html'] = '\\","<!doctype html>\\n\\","<html lang=\"en\">\\n\\","<head>\\n\\","<meta charset=\"UTF-8\">\\n\\","<meta name=\"viewport\" content=\"width=device-width, initial-scale=1\">\\n\\","<title>{{env.npm_package_name}} (v{{env.npm_package_version}})</title>\\n\\","<style>\\n\\","/*csslint\\n\\","    box-sizing: false,\\n\\","    universal-selector: false\\n\\","*/\\n\\","* {\\n\\","    box-sizing: border-box;\\n\\","}\\n\\","body {\\n\\","    background: #dde;\\n\\","    font-family: Arial, Helvetica, sans-serif;\\n\\","    margin: 2rem;\\n\\","}\\n\\","body > * {\\n\\","    margin-bottom: 1rem;\\n\\","}\\n\\",".utility2FooterDiv {\\n\\","    margin-top: 20px;\\n\\","    text-align: center;\\n\\","}\\n\\","</style>\\n\\","<style>\\n\\","/*csslint\\n\\","*/\\n\\","textarea {\\n\\","    font-family: monospace;\\n\\","    height: 10rem;\\n\\","    width: 100%;\\n\\","}\\n\\","textarea[readonly] {\\n\\","    background: #ddd;\\n\\","}\\n\\","</style>\\n\\","</head>\\n\\","<body>\\n\\","<!-- utility2-comment\\n\\","<div id=\"ajaxProgressDiv1\" style=\"background: #d00; height: 2px; left: 0; margin: 0; padding: 0; position: fixed; top: 0; transition: background 0.5s, width 1.5s; width: 25%;\"></div>\\n\\","utility2-comment -->\\n\\","<h1>\\n\\","<!-- utility2-comment\\n\\","    <a\\n\\","        {{#if env.npm_package_homepage}}\\n\\","        href=\"{{env.npm_package_homepage}}\"\\n\\","        {{/if env.npm_package_homepage}}\\n\\","        target=\"_blank\"\\n\\","    >\\n\\","utility2-comment -->\\n\\","        {{env.npm_package_name}} (v{{env.npm_package_version}})\\n\\","<!-- utility2-comment\\n\\","    </a>\\n\\","utility2-comment -->\\n\\","</h1>\\n\\","<h3>{{env.npm_package_description}}</h3>\\n\\","<!-- utility2-comment\\n\\","<h4><a download href=\"assets.app.js\">download standalone app</a></h4>\\n\\","<button class=\"onclick onreset\" id=\"testRunButton1\">run internal test</button><br>\\n\\","<div id=\"testReportDiv1\" style=\"display: none;\"></div>\\n\\","utility2-comment -->\\n\\","\\n\\","\\n\\","\\n\\","<label>stderr and stdout</label>\\n\\","<textarea class=\"resettable\" id=\"outputTextareaStdout1\" readonly></textarea>\\n\\","<!-- utility2-comment\\n\\","{{#if isRollup}}\\n\\","<script src=\"assets.app.js\"></script>\\n\\","{{#unless isRollup}}\\n\\","utility2-comment -->\\n\\","<script src=\"assets.utility2.rollup.js\"></script>\\n\\","<script src=\"jsonp.utility2._stateInit?callback=window.utility2._stateInit\"></script>\\n\\","<script src=\"assets.npmtest_jison.rollup.js\"></script>\\n\\","<script src=\"assets.example.js\"></script>\\n\\","<script src=\"assets.test.js\"></script>\\n\\","<!-- utility2-comment\\n\\","{{/if isRollup}}\\n\\","utility2-comment -->\\n\\","<div class=\"utility2FooterDiv\">\\n\\","    [ this app was created with\\n\\","    <a href=\"https://github.com/kaizhu256/node-utility2\" target=\"_blank\">utility2</a>\\n\\","    ]\\n\\","</div>\\n\\","</body>\\n\\","</html>\\n\\","';","        /* jslint-ignore-end */","        if (local.templateRender) {","            local.assetsDict['/'] = local.templateRender(","                local.assetsDict['/assets.index.template.html'],","                {","                    env: local.objectSetDefault(local.env, {","                        npm_package_description: 'the greatest app in the world!',","                        npm_package_name: 'my-app',","                        npm_package_nameAlias: 'my_app',","                        npm_package_version: '0.0.1'","                    })","                }","            );","        } else {","            local.assetsDict['/'] = local.assetsDict['/assets.index.template.html']","                .replace((/\\{\\{env\\.(\\w+?)\\}\\}/g), function (match0, match1) {","                    // jslint-hack","                    String(match0);","                    switch (match1) {","                    case 'npm_package_description':","                        return 'the greatest app in the world!';","                    case 'npm_package_name':","                        return 'my-app';","                    case 'npm_package_nameAlias':","                        return 'my_app';","                    case 'npm_package_version':","                        return '0.0.1';","                    }","                });","        }","        // run the cli","        if (local.global.utility2_rollup || module !== require.main) {","            break;","        }","        local.assetsDict['/assets.example.js'] =","            local.assetsDict['/assets.example.js'] ||","            local.fs.readFileSync(__filename, 'utf8');","        // bug-workaround - long $npm_package_buildCustomOrg","        /* jslint-ignore-begin */","        local.assetsDict['/assets.npmtest_jison.rollup.js'] =","            local.assetsDict['/assets.npmtest_jison.rollup.js'] ||","            local.fs.readFileSync(","                local.npmtest_jison.__dirname + '/lib.npmtest_jison.js',","                'utf8'","            ).replace((/^#!/), '//');","        /* jslint-ignore-end */","        local.assetsDict['/favicon.ico'] = local.assetsDict['/favicon.ico'] || '';","        // if $npm_config_timeout_exit exists,","        // then exit this process after $npm_config_timeout_exit ms","        if (Number(process.env.npm_config_timeout_exit)) {","            setTimeout(process.exit, Number(process.env.npm_config_timeout_exit));","        }","        // start server","        if (local.global.utility2_serverHttp1) {","            break;","        }","        process.env.PORT = process.env.PORT || '8081';","        console.error('server starting on port ' + process.env.PORT);","        local.http.createServer(function (request, response) {","            request.urlParsed = local.url.parse(request.url);","            if (local.assetsDict[request.urlParsed.pathname] !== undefined) {","                response.end(local.assetsDict[request.urlParsed.pathname]);","                return;","            }","            response.statusCode = 404;","            response.end();","        }).listen(process.env.PORT);","        break;","    }","}());",""],"l":{"26":2,"28":2,"33":2,"35":2,"37":2,"38":2,"39":2,"44":1,"51":2,"55":2,"59":2,"61":2,"69":1,"70":2,"76":2,"79":2,"82":2,"83":2,"85":1,"89":2,"92":1,"93":1,"94":1,"96":1,"97":1,"100":1,"101":1,"103":1,"106":1,"108":2,"114":1,"116":1,"118":1,"123":1,"124":2,"125":2,"126":3,"127":3,"128":3,"129":3,"130":1,"133":3,"134":3,"139":3,"143":1,"144":3,"145":1,"149":1,"150":1,"158":1,"160":1,"161":1,"162":1,"164":1,"166":1,"258":1,"259":1,"271":1,"274":6,"275":6,"277":1,"279":2,"281":1,"283":2,"288":1,"289":1,"291":1,"296":1,"303":1,"306":1,"307":1,"310":1,"311":1,"313":1,"314":1,"315":1,"316":1,"317":1,"318":1,"319":1,"321":1,"322":1,"324":1}},"/home/travis/build/npmtest/node-npmtest-jison/node_modules/jison/lib/jison.js":{"path":"/home/travis/build/npmtest/node-npmtest-jison/node_modules/jison/lib/jison.js","s":{"1":1,"2":1,"3":1,"4":1,"5":1,"6":1,"7":1,"8":1,"9":1,"10":1,"11":1,"12":1,"13":0,"14":0,"15":0,"16":0,"17":0,"18":0,"19":1,"20":1,"21":0,"22":0,"23":0,"24":0,"25":0,"26":0,"27":1,"28":0,"29":0,"30":0,"31":0,"32":0,"33":0,"34":0,"35":0,"36":0,"37":0,"38":0,"39":1,"40":0,"41":0,"42":0,"43":0,"44":0,"45":0,"46":0,"47":1,"48":1,"49":0,"50":0,"51":0,"52":0,"53":0,"54":0,"55":0,"56":0,"57":0,"58":0,"59":0,"60":0,"61":0,"62":0,"63":0,"64":0,"65":0,"66":0,"67":0,"68":0,"69":0,"70":0,"71":1,"72":0,"73":0,"74":0,"75":0,"76":0,"77":0,"78":0,"79":0,"80":0,"81":0,"82":0,"83":0,"84":0,"85":0,"86":0,"87":1,"88":0,"89":0,"90":0,"91":0,"92":0,"93":0,"94":0,"95":0,"96":0,"97":0,"98":0,"99":0,"100":0,"101":0,"102":0,"103":1,"104":0,"105":0,"106":0,"107":0,"108":0,"109":0,"110":0,"111":1,"112":0,"113":0,"114":0,"115":0,"116":0,"117":0,"118":0,"119":1,"120":0,"121":0,"122":0,"123":0,"124":0,"125":0,"126":0,"127":0,"128":0,"129":0,"130":0,"131":0,"132":0,"133":0,"134":0,"135":0,"136":0,"137":0,"138":0,"139":0,"140":0,"141":0,"142":0,"143":0,"144":0,"145":0,"146":0,"147":0,"148":0,"149":0,"150":0,"151":1,"152":0,"153":0,"154":0,"155":0,"156":0,"157":0,"158":0,"159":0,"160":0,"161":0,"162":0,"163":0,"164":0,"165":0,"166":0,"167":0,"168":0,"169":0,"170":0,"171":0,"172":0,"173":0,"174":0,"175":0,"176":0,"177":0,"178":0,"179":0,"180":0,"181":0,"182":0,"183":0,"184":0,"185":0,"186":0,"187":0,"188":0,"189":0,"190":0,"191":0,"192":0,"193":0,"194":0,"195":0,"196":0,"197":0,"198":0,"199":0,"200":0,"201":0,"202":0,"203":0,"204":0,"205":0,"206":0,"207":0,"208":0,"209":1,"210":0,"211":1,"212":1,"213":0,"214":0,"215":1,"216":0,"217":1,"218":0,"219":0,"220":0,"221":0,"222":0,"223":1,"224":1,"225":0,"226":0,"227":0,"228":0,"229":0,"230":0,"231":1,"232":0,"233":0,"234":0,"235":0,"236":0,"237":0,"238":0,"239":0,"240":0,"241":0,"242":0,"243":0,"244":0,"245":0,"246":0,"247":0,"248":0,"249":0,"250":0,"251":0,"252":0,"253":0,"254":0,"255":1,"256":0,"257":0,"258":0,"259":0,"260":0,"261":0,"262":0,"263":0,"264":0,"265":0,"266":0,"267":0,"268":0,"269":0,"270":0,"271":1,"272":0,"273":0,"274":0,"275":0,"276":0,"277":0,"278":0,"279":0,"280":0,"281":0,"282":0,"283":0,"284":0,"285":0,"286":0,"287":1,"288":0,"289":0,"290":0,"291":0,"292":0,"293":0,"294":0,"295":0,"296":0,"297":0,"298":0,"299":0,"300":0,"301":0,"302":0,"303":1,"304":0,"305":0,"306":0,"307":0,"308":0,"309":0,"310":0,"311":0,"312":0,"313":0,"314":1,"315":0,"316":0,"317":0,"318":0,"319":0,"320":0,"321":1,"322":1,"323":0,"324":0,"325":0,"326":0,"327":0,"328":1,"329":0,"330":0,"331":0,"332":0,"333":0,"334":0,"335":0,"336":0,"337":0,"338":0,"339":0,"340":0,"341":0,"342":0,"343":1,"344":0,"345":0,"346":0,"347":0,"348":0,"349":0,"350":0,"351":0,"352":0,"353":0,"354":0,"355":0,"356":0,"357":0,"358":0,"359":0,"360":0,"361":0,"362":0,"363":0,"364":0,"365":1,"366":0,"367":0,"368":0,"369":0,"370":0,"371":0,"372":0,"373":0,"374":0,"375":0,"376":0,"377":0,"378":0,"379":0,"380":0,"381":0,"382":0,"383":0,"384":0,"385":0,"386":0,"387":0,"388":1,"389":0,"390":0,"391":0,"392":0,"393":0,"394":1,"395":0,"396":0,"397":0,"398":0,"399":0,"400":0,"401":0,"402":0,"403":0,"404":0,"405":0,"406":1,"407":0,"408":0,"409":0,"410":0,"411":0,"412":0,"413":0,"414":0,"415":0,"416":0,"417":0,"418":0,"419":1,"420":1,"421":0,"422":0,"423":0,"424":0,"425":0,"426":0,"427":0,"428":0,"429":0,"430":0,"431":0,"432":0,"433":0,"434":0,"435":0,"436":0,"437":0,"438":0,"439":0,"440":0,"441":0,"442":0,"443":0,"444":0,"445":0,"446":0,"447":0,"448":0,"449":0,"450":0,"451":0,"452":0,"453":0,"454":0,"455":0,"456":0,"457":0,"458":0,"459":0,"460":0,"461":0,"462":0,"463":0,"464":0,"465":1,"466":0,"467":0,"468":0,"469":0,"470":0,"471":0,"472":0,"473":0,"474":0,"475":1,"476":0,"477":0,"478":0,"479":0,"480":0,"481":0,"482":0,"483":0,"484":0,"485":0,"486":0,"487":0,"488":0,"489":0,"490":0,"491":0,"492":0,"493":0,"494":0,"495":0,"496":0,"497":0,"498":0,"499":0,"500":0,"501":0,"502":0,"503":1,"504":0,"505":0,"506":0,"507":0,"508":0,"509":0,"510":0,"511":0,"512":0,"513":0,"514":0,"515":0,"516":1,"517":0,"518":0,"519":0,"520":0,"521":1,"522":0,"523":0,"524":0,"525":0,"526":1,"527":0,"528":0,"529":0,"530":0,"531":0,"532":1,"533":0,"534":0,"535":0,"536":0,"537":0,"538":0,"539":0,"540":0,"541":0,"542":0,"543":0,"544":1,"545":0,"546":0,"547":0,"548":0,"549":0,"550":0,"551":0,"552":0,"553":0,"554":1,"555":0,"556":0,"557":0,"558":0,"559":0,"560":0,"561":0,"562":0,"563":1,"564":0,"565":0,"566":0,"567":0,"568":0,"569":0,"570":0,"571":0,"572":0,"573":0,"574":1,"575":0,"576":0,"577":0,"578":0,"579":0,"580":0,"581":0,"582":0,"583":0,"584":0,"585":0,"586":0,"587":1,"588":0,"589":0,"590":0,"591":0,"592":0,"593":0,"594":0,"595":0,"596":0,"597":0,"598":0,"599":0,"600":0,"601":0,"602":0,"603":0,"604":0,"605":0,"606":0,"607":0,"608":0,"609":0,"610":0,"611":0,"612":0,"613":0,"614":0,"615":0,"616":0,"617":0,"618":0,"619":0,"620":0,"621":0,"622":0,"623":0,"624":0,"625":1,"626":1,"627":0,"628":0,"629":0,"630":0,"631":0,"632":0,"633":1,"634":1,"635":1,"636":1,"637":0,"638":0,"639":0,"640":0,"641":0,"642":1,"643":0,"644":0,"645":1,"646":0,"647":0,"648":0,"649":0,"650":0,"651":0,"652":0,"653":0,"654":0,"655":0,"656":0,"657":0,"658":1,"659":1,"660":0,"661":0,"662":0,"663":1,"664":0,"665":0,"666":0,"667":0,"668":0,"669":0,"670":0,"671":0,"672":0,"673":1,"674":1,"675":1,"676":1,"677":0,"678":1,"679":0,"680":0,"681":1,"682":0,"683":0,"684":0,"685":0,"686":1,"687":1,"688":0,"689":0,"690":0,"691":0,"692":0,"693":0,"694":0,"695":0,"696":0,"697":0,"698":0,"699":0,"700":0,"701":0,"702":0,"703":0,"704":0,"705":0,"706":1,"707":0,"708":0,"709":0,"710":0,"711":0,"712":0,"713":0,"714":0,"715":0,"716":0,"717":0,"718":0,"719":0,"720":0,"721":0,"722":0,"723":0,"724":0,"725":0,"726":0,"727":0,"728":0,"729":1,"730":0,"731":0,"732":0,"733":0,"734":0,"735":0,"736":0,"737":0,"738":0,"739":0,"740":0,"741":0,"742":0,"743":0,"744":0,"745":0,"746":0,"747":0,"748":0,"749":0,"750":0,"751":0,"752":0,"753":0,"754":0,"755":0,"756":0,"757":0,"758":0,"759":0,"760":0,"761":0,"762":0,"763":0,"764":0,"765":0,"766":0,"767":0,"768":0,"769":0,"770":0,"771":0,"772":0,"773":0,"774":0,"775":0,"776":0,"777":0,"778":0,"779":0,"780":0,"781":0,"782":0,"783":0,"784":0,"785":0,"786":0,"787":0,"788":0,"789":0,"790":0,"791":0,"792":0,"793":0,"794":0,"795":0,"796":0,"797":0,"798":0,"799":0,"800":0,"801":0,"802":0,"803":0,"804":0,"805":0,"806":1,"807":0,"808":0,"809":0,"810":0,"811":0,"812":0,"813":1,"814":0,"815":1,"816":1,"817":0,"818":0,"819":0,"820":0,"821":0,"822":0,"823":0,"824":0,"825":0,"826":0,"827":0,"828":0,"829":0,"830":0,"831":0,"832":0,"833":0,"834":0,"835":0,"836":0,"837":0,"838":0,"839":0,"840":0,"841":0,"842":0,"843":0,"844":0,"845":0,"846":0,"847":0,"848":0,"849":0,"850":0,"851":0,"852":0,"853":0,"854":0,"855":0,"856":0,"857":0,"858":0,"859":0,"860":0,"861":0,"862":0,"863":0,"864":0,"865":0,"866":0,"867":0,"868":0,"869":0,"870":0,"871":0,"872":0,"873":0,"874":0,"875":0,"876":0,"877":0,"878":0,"879":0,"880":0,"881":0,"882":0,"883":0,"884":1,"885":1,"886":0,"887":0,"888":0,"889":0,"890":1,"891":0,"892":0,"893":1,"894":0,"895":1,"896":0,"897":0,"898":0,"899":0,"900":0,"901":0,"902":0,"903":0,"904":0,"905":0,"906":0,"907":0,"908":0,"909":0,"910":0,"911":0,"912":0,"913":0,"914":0,"915":0,"916":0,"917":0,"918":0,"919":0,"920":0,"921":1,"922":1,"923":0,"924":0,"925":0,"926":0,"927":0,"928":0,"929":0,"930":0,"931":0,"932":0,"933":0,"934":0,"935":0,"936":0,"937":0,"938":1,"939":1,"940":0,"941":0,"942":0,"943":0,"944":0,"945":0,"946":0,"947":1,"948":0,"949":0},"b":{"1":[1,0],"2":[1,1],"3":[0,0],"4":[0,0],"5":[0,0],"6":[0,0],"7":[0,0],"8":[0,0],"9":[0,0],"10":[0,0],"11":[0,0],"12":[0,0],"13":[0,0],"14":[0,0],"15":[0,0],"16":[0,0],"17":[0,0],"18":[0,0],"19":[0,0],"20":[0,0],"21":[0,0],"22":[0,0,0],"23":[0,0],"24":[0,0],"25":[0,0],"26":[0,0],"27":[0,0],"28":[0,0],"29":[0,0],"30":[0,0],"31":[0,0],"32":[0,0],"33":[0,0],"34":[0,0],"35":[0,0],"36":[0,0],"37":[0,0],"38":[0,0],"39":[0,0],"40":[0,0],"41":[0,0],"42":[0,0],"43":[0,0],"44":[0,0],"45":[0,0],"46":[0,0],"47":[0,0],"48":[0,0],"49":[0,0],"50":[0,0],"51":[0,0],"52":[0,0],"53":[0,0],"54":[0,0],"55":[0,0],"56":[0,0],"57":[0,0],"58":[0,0],"59":[0,0],"60":[0,0],"61":[0,0],"62":[0,0],"63":[0,0],"64":[0,0],"65":[0,0],"66":[0,0],"67":[0,0],"68":[0,0],"69":[0,0],"70":[0,0],"71":[0,0],"72":[0,0],"73":[0,0],"74":[0,0],"75":[0,0],"76":[0,0],"77":[0,0],"78":[0,0],"79":[0,0],"80":[0,0],"81":[0,0],"82":[0,0],"83":[0,0],"84":[0,0],"85":[0,0],"86":[0,0],"87":[0,0],"88":[0,0],"89":[0,0],"90":[0,0],"91":[0,0],"92":[0,0],"93":[0,0],"94":[0,0],"95":[0,0],"96":[0,0],"97":[0,0],"98":[0,0],"99":[0,0],"100":[0,0],"101":[0,0],"102":[0,0],"103":[0,0],"104":[0,0],"105":[0,0],"106":[0,0],"107":[0,0],"108":[0,0,0],"109":[0,0],"110":[0,0],"111":[0,0],"112":[0,0],"113":[0,0],"114":[0,0],"115":[0,0],"116":[0,0],"117":[0,0],"118":[0,0],"119":[0,0],"120":[0,0],"121":[0,0],"122":[0,0],"123":[0,0],"124":[0,0],"125":[0,0],"126":[0,0],"127":[0,0],"128":[0,0],"129":[0,0],"130":[0,0],"131":[0,0],"132":[0,0],"133":[0,0],"134":[0,0,0],"135":[0,0],"136":[0,0],"137":[0,0],"138":[0,0],"139":[0,0],"140":[0,0],"141":[0,0],"142":[0,0],"143":[0,0,0],"144":[0,0],"145":[0,0],"146":[0,0],"147":[0,0],"148":[0,0],"149":[0,0],"150":[0,0],"151":[0,0],"152":[0,0],"153":[0,0],"154":[0,0],"155":[0,0],"156":[0,0],"157":[0,0],"158":[0,0],"159":[0,0],"160":[0,0],"161":[0,0],"162":[0,0],"163":[0,0],"164":[0,0],"165":[0,0],"166":[0,0],"167":[0,0],"168":[0,0],"169":[0,0],"170":[0,0],"171":[0,0],"172":[0,0],"173":[0,0],"174":[0,0],"175":[0,0],"176":[0,0],"177":[0,0],"178":[0,0,0],"179":[0,0],"180":[0,0],"181":[0,0],"182":[0,0],"183":[0,0],"184":[0,0],"185":[0,0],"186":[0,0],"187":[0,0],"188":[0,0],"189":[0,0],"190":[0,0],"191":[0,0],"192":[0,0],"193":[0,0],"194":[0,0],"195":[0,0],"196":[0,0],"197":[0,0],"198":[0,0],"199":[0,0],"200":[0,0],"201":[0,0,0],"202":[0,0],"203":[0,0],"204":[0,0],"205":[0,0],"206":[0,0],"207":[0,0],"208":[0,0],"209":[0,0],"210":[0,0],"211":[0,0],"212":[0,0],"213":[0,0],"214":[0,0],"215":[0,0],"216":[0,0],"217":[0,0],"218":[0,0],"219":[0,0],"220":[0,0],"221":[0,0],"222":[0,0],"223":[0,0],"224":[0,0],"225":[0,0],"226":[0,0],"227":[0,0],"228":[0,0],"229":[0,0],"230":[0,0,0],"231":[0,0],"232":[0,0],"233":[0,0],"234":[0,0],"235":[0,0],"236":[0,0],"237":[0,0,0,0,0]},"f":{"1":0,"2":0,"3":1,"4":0,"5":0,"6":0,"7":0,"8":0,"9":0,"10":0,"11":0,"12":0,"13":0,"14":0,"15":0,"16":0,"17":0,"18":0,"19":0,"20":0,"21":0,"22":0,"23":0,"24":0,"25":0,"26":0,"27":0,"28":0,"29":0,"30":0,"31":0,"32":0,"33":0,"34":0,"35":0,"36":0,"37":0,"38":0,"39":0,"40":0,"41":0,"42":0,"43":0,"44":0,"45":0,"46":0,"47":0,"48":0,"49":0,"50":0,"51":0,"52":0,"53":0,"54":0,"55":0,"56":0,"57":0,"58":0,"59":0,"60":0,"61":0,"62":0,"63":0,"64":0,"65":0,"66":0,"67":0,"68":0,"69":0,"70":0,"71":0,"72":0,"73":0,"74":0,"75":0,"76":0,"77":0,"78":0,"79":0,"80":0,"81":0,"82":0,"83":0,"84":0,"85":0,"86":0,"87":0,"88":0,"89":0,"90":0,"91":0,"92":0,"93":0,"94":0,"95":0,"96":0,"97":0,"98":0,"99":0,"100":0,"101":0,"102":0,"103":0,"104":0,"105":0,"106":0,"107":0,"108":0,"109":0,"110":0,"111":0,"112":0,"113":0,"114":0,"115":0,"116":0,"117":0,"118":0,"119":0,"120":0,"121":0,"122":0,"123":0,"124":0,"125":0,"126":0,"127":0,"128":0,"129":0,"130":0,"131":0,"132":0,"133":0,"134":0,"135":0,"136":0,"137":0,"138":0,"139":0,"140":0},"fnMap":{"1":{"name":"print","line":23,"loc":{"start":{"line":23,"column":18},"end":{"line":23,"column":36}}},"2":{"name":"print","line":27,"loc":{"start":{"line":27,"column":18},"end":{"line":27,"column":36}}},"3":{"name":"(anonymous_3)","line":30,"loc":{"start":{"line":30,"column":16},"end":{"line":30,"column":28}}},"4":{"name":"each","line":33,"loc":{"start":{"line":33,"column":0},"end":{"line":33,"column":26}}},"5":{"name":"Nonterminal","line":47,"loc":{"start":{"line":47,"column":17},"end":{"line":47,"column":47}}},"6":{"name":"Nonterminal_toString","line":54,"loc":{"start":{"line":54,"column":14},"end":{"line":54,"column":47}}},"7":{"name":"Production","line":66,"loc":{"start":{"line":66,"column":17},"end":{"line":66,"column":58}}},"8":{"name":"Production_toString","line":74,"loc":{"start":{"line":74,"column":14},"end":{"line":74,"column":46}}},"9":{"name":"Jison_Generator","line":81,"loc":{"start":{"line":81,"column":24},"end":{"line":81,"column":64}}},"10":{"name":"processGrammarDef","line":115,"loc":{"start":{"line":115,"column":27},"end":{"line":115,"column":64}}},"11":{"name":"augmentGrammar","line":152,"loc":{"start":{"line":152,"column":27},"end":{"line":152,"column":61}}},"12":{"name":"processOperators","line":181,"loc":{"start":{"line":181,"column":0},"end":{"line":181,"column":32}}},"13":{"name":"buildProductions","line":193,"loc":{"start":{"line":193,"column":29},"end":{"line":193,"column":107}}},"14":{"name":"addSymbol","line":208,"loc":{"start":{"line":208,"column":4},"end":{"line":208,"column":27}}},"15":{"name":"(anonymous_15)","line":236,"loc":{"start":{"line":236,"column":19},"end":{"line":236,"column":38}}},"16":{"name":"buildProduction","line":261,"loc":{"start":{"line":261,"column":4},"end":{"line":261,"column":38}}},"17":{"name":"(anonymous_17)","line":301,"loc":{"start":{"line":301,"column":74},"end":{"line":301,"column":93}}},"18":{"name":"(anonymous_18)","line":303,"loc":{"start":{"line":303,"column":64},"end":{"line":303,"column":83}}},"19":{"name":"(anonymous_19)","line":312,"loc":{"start":{"line":312,"column":43},"end":{"line":312,"column":59}}},"20":{"name":"(anonymous_20)","line":316,"loc":{"start":{"line":316,"column":42},"end":{"line":316,"column":58}}},"21":{"name":"(anonymous_21)","line":323,"loc":{"start":{"line":323,"column":30},"end":{"line":323,"column":44}}},"22":{"name":"(anonymous_22)","line":331,"loc":{"start":{"line":331,"column":30},"end":{"line":331,"column":44}}},"23":{"name":"createParser","line":367,"loc":{"start":{"line":367,"column":25},"end":{"line":367,"column":50}}},"24":{"name":"trace","line":372,"loc":{"start":{"line":372,"column":18},"end":{"line":372,"column":36}}},"25":{"name":"warn","line":374,"loc":{"start":{"line":374,"column":17},"end":{"line":374,"column":34}}},"26":{"name":"error","line":379,"loc":{"start":{"line":379,"column":18},"end":{"line":379,"column":39}}},"27":{"name":"trace","line":386,"loc":{"start":{"line":386,"column":11},"end":{"line":386,"column":29}}},"28":{"name":"(anonymous_28)","line":389,"loc":{"start":{"line":389,"column":26},"end":{"line":389,"column":38}}},"29":{"name":"(anonymous_29)","line":392,"loc":{"start":{"line":392,"column":25},"end":{"line":392,"column":37}}},"30":{"name":"(anonymous_30)","line":394,"loc":{"start":{"line":394,"column":27},"end":{"line":394,"column":45}}},"31":{"name":"computeLookaheads","line":407,"loc":{"start":{"line":407,"column":35},"end":{"line":407,"column":65}}},"32":{"name":"(anonymous_32)","line":410,"loc":{"start":{"line":410,"column":29},"end":{"line":410,"column":41}}},"33":{"name":"followSets","line":417,"loc":{"start":{"line":417,"column":28},"end":{"line":417,"column":51}}},"34":{"name":"Follow_prod_forEach","line":427,"loc":{"start":{"line":427,"column":28},"end":{"line":427,"column":73}}},"35":{"name":"first","line":463,"loc":{"start":{"line":463,"column":23},"end":{"line":463,"column":47}}},"36":{"name":"firstSets","line":491,"loc":{"start":{"line":491,"column":27},"end":{"line":491,"column":49}}},"37":{"name":"FirstSets_forEach","line":502,"loc":{"start":{"line":502,"column":28},"end":{"line":502,"column":71}}},"38":{"name":"(anonymous_38)","line":512,"loc":{"start":{"line":512,"column":53},"end":{"line":512,"column":75}}},"39":{"name":"nullableSets","line":524,"loc":{"start":{"line":524,"column":30},"end":{"line":524,"column":55}}},"40":{"name":"(anonymous_40)","line":535,"loc":{"start":{"line":535,"column":33},"end":{"line":535,"column":58}}},"41":{"name":"nullable","line":559,"loc":{"start":{"line":559,"column":26},"end":{"line":559,"column":53}}},"42":{"name":"(anonymous_42)","line":582,"loc":{"start":{"line":582,"column":24},"end":{"line":582,"column":36}}},"43":{"name":"(anonymous_43)","line":585,"loc":{"start":{"line":585,"column":21},"end":{"line":585,"column":33}}},"44":{"name":"(anonymous_44)","line":588,"loc":{"start":{"line":588,"column":22},"end":{"line":588,"column":34}}},"45":{"name":"(anonymous_45)","line":591,"loc":{"start":{"line":591,"column":21},"end":{"line":591,"column":33}}},"46":{"name":"(anonymous_46)","line":593,"loc":{"start":{"line":593,"column":32},"end":{"line":593,"column":49}}},"47":{"name":"buildTable","line":604,"loc":{"start":{"line":604,"column":30},"end":{"line":604,"column":53}}},"48":{"name":"Item","line":613,"loc":{"start":{"line":613,"column":17},"end":{"line":613,"column":64}}},"49":{"name":"(anonymous_49)","line":621,"loc":{"start":{"line":621,"column":21},"end":{"line":621,"column":33}}},"50":{"name":"(anonymous_50)","line":624,"loc":{"start":{"line":624,"column":8},"end":{"line":624,"column":21}}},"51":{"name":"(anonymous_51)","line":627,"loc":{"start":{"line":627,"column":20},"end":{"line":627,"column":32}}},"52":{"name":"(anonymous_52)","line":632,"loc":{"start":{"line":632,"column":14},"end":{"line":632,"column":26}}},"53":{"name":"(anonymous_53)","line":641,"loc":{"start":{"line":641,"column":22},"end":{"line":641,"column":34}}},"54":{"name":"concat","line":652,"loc":{"start":{"line":652,"column":12},"end":{"line":652,"column":34}}},"55":{"name":"(anonymous_55)","line":660,"loc":{"start":{"line":660,"column":10},"end":{"line":660,"column":26}}},"56":{"name":"(anonymous_56)","line":664,"loc":{"start":{"line":664,"column":14},"end":{"line":664,"column":30}}},"57":{"name":"toValue","line":667,"loc":{"start":{"line":667,"column":13},"end":{"line":667,"column":33}}},"58":{"name":"(anonymous_58)","line":668,"loc":{"start":{"line":668,"column":32},"end":{"line":668,"column":45}}},"59":{"name":"toValue_inner","line":669,"loc":{"start":{"line":669,"column":23},"end":{"line":669,"column":48}}},"60":{"name":"closureOperation","line":674,"loc":{"start":{"line":674,"column":36},"end":{"line":674,"column":89}}},"61":{"name":"CO_set_forEach","line":684,"loc":{"start":{"line":684,"column":16},"end":{"line":684,"column":47}}},"62":{"name":"CO_nt_forEach","line":690,"loc":{"start":{"line":690,"column":62},"end":{"line":690,"column":98}}},"63":{"name":"gotoOperation","line":715,"loc":{"start":{"line":715,"column":33},"end":{"line":715,"column":74}}},"64":{"name":"goto_forEach","line":719,"loc":{"start":{"line":719,"column":20},"end":{"line":719,"column":51}}},"65":{"name":"canonicalCollection","line":730,"loc":{"start":{"line":730,"column":39},"end":{"line":730,"column":71}}},"66":{"name":"CC_itemSet_forEach","line":743,"loc":{"start":{"line":743,"column":24},"end":{"line":743,"column":59}}},"67":{"name":"canonicalCollectionInsert","line":753,"loc":{"start":{"line":753,"column":45},"end":{"line":753,"column":116}}},"68":{"name":"parseTable","line":774,"loc":{"start":{"line":774,"column":30},"end":{"line":774,"column":61}}},"69":{"name":"(anonymous_69)","line":785,"loc":{"start":{"line":785,"column":21},"end":{"line":785,"column":43}}},"70":{"name":"(anonymous_70)","line":791,"loc":{"start":{"line":791,"column":28},"end":{"line":791,"column":47}}},"71":{"name":"(anonymous_71)","line":808,"loc":{"start":{"line":808,"column":24},"end":{"line":808,"column":43}}},"72":{"name":"(anonymous_72)","line":819,"loc":{"start":{"line":819,"column":35},"end":{"line":819,"column":54}}},"73":{"name":"(anonymous_73)","line":823,"loc":{"start":{"line":823,"column":30},"end":{"line":823,"column":53}}},"74":{"name":"(anonymous_74)","line":860,"loc":{"start":{"line":860,"column":31},"end":{"line":860,"column":53}}},"75":{"name":"findDefaults","line":870,"loc":{"start":{"line":870,"column":0},"end":{"line":870,"column":31}}},"76":{"name":"(anonymous_76)","line":872,"loc":{"start":{"line":872,"column":19},"end":{"line":872,"column":39}}},"77":{"name":"resolveConflict","line":888,"loc":{"start":{"line":888,"column":0},"end":{"line":888,"column":57}}},"78":{"name":"parser_generate","line":927,"loc":{"start":{"line":927,"column":28},"end":{"line":927,"column":59}}},"79":{"name":"generateAMDModule","line":950,"loc":{"start":{"line":950,"column":37},"end":{"line":950,"column":68}}},"80":{"name":"generateCommonJSModule","line":965,"loc":{"start":{"line":965,"column":42},"end":{"line":965,"column":80}}},"81":{"name":"generateModule","line":981,"loc":{"start":{"line":981,"column":34},"end":{"line":981,"column":64}}},"82":{"name":"generateModuleExpr","line":1064,"loc":{"start":{"line":1064,"column":38},"end":{"line":1064,"column":69}}},"83":{"name":"addTokenStack","line":1084,"loc":{"start":{"line":1084,"column":0},"end":{"line":1084,"column":28}}},"84":{"name":"tokenStackLex","line":1102,"loc":{"start":{"line":1102,"column":0},"end":{"line":1102,"column":25}}},"85":{"name":"removeErrorRecovery","line":1117,"loc":{"start":{"line":1117,"column":0},"end":{"line":1117,"column":34}}},"86":{"name":"generateModule_","line":1137,"loc":{"start":{"line":1137,"column":35},"end":{"line":1137,"column":63}}},"87":{"name":"(anonymous_87)","line":1174,"loc":{"start":{"line":1174,"column":37},"end":{"line":1174,"column":54}}},"88":{"name":"(anonymous_88)","line":1183,"loc":{"start":{"line":1183,"column":66},"end":{"line":1183,"column":84}}},"89":{"name":"(anonymous_89)","line":1232,"loc":{"start":{"line":1232,"column":49},"end":{"line":1232,"column":65}}},"90":{"name":"createVariable","line":1261,"loc":{"start":{"line":1261,"column":0},"end":{"line":1261,"column":26}}},"91":{"name":"commonjsMain","line":1278,"loc":{"start":{"line":1278,"column":0},"end":{"line":1278,"column":29}}},"92":{"name":"printAction","line":1289,"loc":{"start":{"line":1289,"column":0},"end":{"line":1289,"column":30}}},"93":{"name":"(anonymous_93)","line":1298,"loc":{"start":{"line":1298,"column":22},"end":{"line":1298,"column":34}}},"94":{"name":"(anonymous_94)","line":1301,"loc":{"start":{"line":1301,"column":21},"end":{"line":1301,"column":33}}},"95":{"name":"(anonymous_95)","line":1304,"loc":{"start":{"line":1304,"column":37},"end":{"line":1304,"column":53}}},"96":{"name":"(anonymous_96)","line":1313,"loc":{"start":{"line":1313,"column":30},"end":{"line":1313,"column":48}}},"97":{"name":"(anonymous_97)","line":1317,"loc":{"start":{"line":1317,"column":23},"end":{"line":1317,"column":43}}},"98":{"name":"createParser","line":1325,"loc":{"start":{"line":1325,"column":32},"end":{"line":1325,"column":57}}},"99":{"name":"bind","line":1333,"loc":{"start":{"line":1333,"column":4},"end":{"line":1333,"column":26}}},"100":{"name":"(anonymous_100)","line":1334,"loc":{"start":{"line":1334,"column":15},"end":{"line":1334,"column":26}}},"101":{"name":"traceParseError","line":1354,"loc":{"start":{"line":1354,"column":0},"end":{"line":1354,"column":37}}},"102":{"name":"parseError","line":1358,"loc":{"start":{"line":1358,"column":0},"end":{"line":1358,"column":32}}},"103":{"name":"_parseError","line":1362,"loc":{"start":{"line":1362,"column":8},"end":{"line":1362,"column":41}}},"104":{"name":"parse","line":1374,"loc":{"start":{"line":1374,"column":15},"end":{"line":1374,"column":38}}},"105":{"name":"popStack","line":1418,"loc":{"start":{"line":1418,"column":4},"end":{"line":1418,"column":26}}},"106":{"name":"(anonymous_106)","line":1425,"loc":{"start":{"line":1425,"column":14},"end":{"line":1425,"column":26}}},"107":{"name":"locateNearestErrorRecoveryRule","line":1459,"loc":{"start":{"line":1459,"column":12},"end":{"line":1459,"column":59}}},"108":{"name":"parser_init","line":1613,"loc":{"start":{"line":1613,"column":14},"end":{"line":1613,"column":42}}},"109":{"name":"lr0_afterconstructor","line":1628,"loc":{"start":{"line":1628,"column":22},"end":{"line":1628,"column":55}}},"110":{"name":"(anonymous_110)","line":1642,"loc":{"start":{"line":1642,"column":22},"end":{"line":1642,"column":50}}},"111":{"name":"(anonymous_111)","line":1654,"loc":{"start":{"line":1654,"column":17},"end":{"line":1654,"column":33}}},"112":{"name":"(anonymous_112)","line":1656,"loc":{"start":{"line":1656,"column":26},"end":{"line":1656,"column":39}}},"113":{"name":"LALR_lookaheads","line":1677,"loc":{"start":{"line":1677,"column":16},"end":{"line":1677,"column":55}}},"114":{"name":"LALR_go","line":1680,"loc":{"start":{"line":1680,"column":8},"end":{"line":1680,"column":32}}},"115":{"name":"LALR_goPath","line":1687,"loc":{"start":{"line":1687,"column":12},"end":{"line":1687,"column":40}}},"116":{"name":"LALR_buildNewGrammar","line":1700,"loc":{"start":{"line":1700,"column":21},"end":{"line":1700,"column":54}}},"117":{"name":"(anonymous_117)","line":1704,"loc":{"start":{"line":1704,"column":28},"end":{"line":1704,"column":48}}},"118":{"name":"(anonymous_118)","line":1705,"loc":{"start":{"line":1705,"column":26},"end":{"line":1705,"column":42}}},"119":{"name":"LALR_unionLookaheads","line":1732,"loc":{"start":{"line":1732,"column":21},"end":{"line":1732,"column":54}}},"120":{"name":"union_states_forEach","line":1737,"loc":{"start":{"line":1737,"column":23},"end":{"line":1737,"column":57}}},"121":{"name":"union_reduction_forEach","line":1741,"loc":{"start":{"line":1741,"column":37},"end":{"line":1741,"column":77}}},"122":{"name":"reduction_goes_forEach","line":1746,"loc":{"start":{"line":1746,"column":69},"end":{"line":1746,"column":110}}},"123":{"name":"goes_follows_forEach","line":1747,"loc":{"start":{"line":1747,"column":62},"end":{"line":1747,"column":101}}},"124":{"name":"trace","line":1766,"loc":{"start":{"line":1766,"column":11},"end":{"line":1766,"column":29}}},"125":{"name":"(anonymous_125)","line":1769,"loc":{"start":{"line":1769,"column":27},"end":{"line":1769,"column":39}}},"126":{"name":"(anonymous_126)","line":1773,"loc":{"start":{"line":1773,"column":27},"end":{"line":1773,"column":39}}},"127":{"name":"lr_aftercontructor","line":1784,"loc":{"start":{"line":1784,"column":22},"end":{"line":1784,"column":53}}},"128":{"name":"SLR_lookAhead","line":1796,"loc":{"start":{"line":1796,"column":16},"end":{"line":1796,"column":53}}},"129":{"name":"LR_lookAheads","line":1808,"loc":{"start":{"line":1808,"column":16},"end":{"line":1808,"column":53}}},"130":{"name":"(anonymous_130)","line":1812,"loc":{"start":{"line":1812,"column":26},"end":{"line":1812,"column":38}}},"131":{"name":"(anonymous_131)","line":1815,"loc":{"start":{"line":1815,"column":12},"end":{"line":1815,"column":25}}},"132":{"name":"LR_ClosureOperation","line":1820,"loc":{"start":{"line":1820,"column":22},"end":{"line":1820,"column":78}}},"133":{"name":"(anonymous_133)","line":1830,"loc":{"start":{"line":1830,"column":20},"end":{"line":1830,"column":36}}},"134":{"name":"(anonymous_134)","line":1841,"loc":{"start":{"line":1841,"column":62},"end":{"line":1841,"column":84}}},"135":{"name":"ll_aftercontructor","line":1868,"loc":{"start":{"line":1868,"column":22},"end":{"line":1868,"column":53}}},"136":{"name":"llParseTable","line":1872,"loc":{"start":{"line":1872,"column":16},"end":{"line":1872,"column":52}}},"137":{"name":"(anonymous_137)","line":1875,"loc":{"start":{"line":1875,"column":28},"end":{"line":1875,"column":53}}},"138":{"name":"(anonymous_138)","line":1881,"loc":{"start":{"line":1881,"column":27},"end":{"line":1881,"column":44}}},"139":{"name":"Jison_Generator","line":1898,"loc":{"start":{"line":1898,"column":18},"end":{"line":1898,"column":56}}},"140":{"name":"Parser","line":1914,"loc":{"start":{"line":1914,"column":7},"end":{"line":1914,"column":36}}}},"statementMap":{"1":{"start":{"line":5,"column":0},"end":{"line":5,"column":47}},"2":{"start":{"line":6,"column":0},"end":{"line":6,"column":43}},"3":{"start":{"line":7,"column":0},"end":{"line":7,"column":38}},"4":{"start":{"line":8,"column":0},"end":{"line":8,"column":40}},"5":{"start":{"line":9,"column":0},"end":{"line":9,"column":39}},"6":{"start":{"line":10,"column":0},"end":{"line":10,"column":36}},"7":{"start":{"line":11,"column":0},"end":{"line":11,"column":38}},"8":{"start":{"line":14,"column":0},"end":{"line":14,"column":49}},"9":{"start":{"line":16,"column":0},"end":{"line":16,"column":36}},"10":{"start":{"line":17,"column":0},"end":{"line":17,"column":24}},"11":{"start":{"line":20,"column":0},"end":{"line":28,"column":1}},"12":{"start":{"line":21,"column":4},"end":{"line":21,"column":30}},"13":{"start":{"line":22,"column":7},"end":{"line":28,"column":1}},"14":{"start":{"line":23,"column":4},"end":{"line":23,"column":76}},"15":{"start":{"line":23,"column":38},"end":{"line":23,"column":73}},"16":{"start":{"line":24,"column":7},"end":{"line":28,"column":1}},"17":{"start":{"line":25,"column":4},"end":{"line":25,"column":24}},"18":{"start":{"line":27,"column":4},"end":{"line":27,"column":39}},"19":{"start":{"line":30,"column":0},"end":{"line":1919,"column":5}},"20":{"start":{"line":33,"column":0},"end":{"line":44,"column":1}},"21":{"start":{"line":34,"column":4},"end":{"line":43,"column":5}},"22":{"start":{"line":35,"column":8},"end":{"line":35,"column":26}},"23":{"start":{"line":37,"column":8},"end":{"line":37,"column":14}},"24":{"start":{"line":38,"column":8},"end":{"line":42,"column":9}},"25":{"start":{"line":39,"column":12},"end":{"line":41,"column":13}},"26":{"start":{"line":40,"column":16},"end":{"line":40,"column":47}},"27":{"start":{"line":46,"column":0},"end":{"line":63,"column":3}},"28":{"start":{"line":48,"column":8},"end":{"line":48,"column":29}},"29":{"start":{"line":49,"column":8},"end":{"line":49,"column":37}},"30":{"start":{"line":50,"column":8},"end":{"line":50,"column":24}},"31":{"start":{"line":51,"column":8},"end":{"line":51,"column":26}},"32":{"start":{"line":52,"column":8},"end":{"line":52,"column":30}},"33":{"start":{"line":55,"column":8},"end":{"line":55,"column":35}},"34":{"start":{"line":56,"column":8},"end":{"line":56,"column":61}},"35":{"start":{"line":57,"column":8},"end":{"line":57,"column":50}},"36":{"start":{"line":58,"column":8},"end":{"line":58,"column":51}},"37":{"start":{"line":59,"column":8},"end":{"line":59,"column":66}},
[...]
length - 1].last_column","            };","            if (ranges) {","                yyval._$.range = [","                    lstack[lstack.length - (len || 1)].range[0],","                    lstack[lstack.length - 1].range[1]","                ];","            }","            r = this.performAction.apply(yyval, [","                yytext,","                yyleng,","                yylineno,","                sharedState.yy,","                action[1],","                vstack,","                lstack","            ].concat(args));","            if (typeof r !== 'undefined') {","                return r;","            }","            if (len) {","                stack = stack.slice(0, -1 * len * 2);","                vstack = vstack.slice(0, -1 * len);","                lstack = lstack.slice(0, -1 * len);","            }","            stack.push(this.productions_[action[1]][0]);","            vstack.push(yyval.$);","            lstack.push(yyval._$);","            newState = table[stack[stack.length - 2]][stack[stack.length - 1]];","            stack.push(newState);","            break;","        case 3:","            return true;","        }","    }","    return true;","}};","","function Parser () {","  this.yy = {};","}","Parser.prototype = parser;parser.Parser = Parser;","return new Parser;","})();","","","if (typeof require !== 'undefined' && typeof exports !== 'undefined') {","exports.parser = parser;","exports.Parser = parser.Parser;","exports.parse = function () { return parser.parse.apply(parser, arguments); };","exports.main = function commonjsMain(args) {","    if (!args[1]) {","        console.log('Usage: '+args[0]+' FILE');","        process.exit(1);","    }","    var source = require('fs').readFileSync(require('path').normalize(args[1]), \"utf8\");","    return exports.parser.parse(source);","};","if (typeof module !== 'undefined' && require.main === module) {","  exports.main(process.argv.slice(1));","}","}"],"l":{"74":1,"75":29,"76":1,"84":0,"85":0,"91":0,"92":0,"94":0,"98":0,"99":0,"100":0,"101":0,"102":0,"103":0,"104":0,"107":0,"108":0,"109":0,"110":0,"111":0,"113":0,"114":0,"115":0,"116":0,"117":0,"119":0,"121":1,"122":0,"123":0,"124":0,"126":0,"127":1,"128":0,"129":0,"130":0,"131":0,"133":0,"135":0,"136":0,"137":0,"138":0,"139":0,"141":0,"142":0,"144":0,"146":0,"147":0,"148":0,"149":0,"150":0,"151":0,"154":0,"155":0,"157":0,"159":0,"167":0,"168":0,"170":0,"172":0,"173":0,"174":0,"175":0,"176":0,"177":0,"178":0,"179":0,"180":0,"181":0,"182":0,"183":0,"186":0,"187":0,"189":0,"191":0,"192":0,"193":0,"199":0,"200":0,"205":0,"214":0,"215":0,"217":0,"218":0,"219":0,"220":0,"222":0,"223":0,"224":0,"225":0,"226":0,"227":0,"229":0,"232":0,"235":1,"236":1,"238":1,"239":1,"243":1,"244":1,"245":1,"246":1,"247":1,"248":0,"249":0,"250":0,"252":0,"253":0,"255":1,"256":0}},"/home/travis/build/npmtest/node-npmtest-jison/node_modules/jison/entry.js":{"path":"/home/travis/build/npmtest/node-npmtest-jison/node_modules/jison/entry.js","s":{"1":1,"2":1},"b":{},"f":{},"fnMap":{},"statementMap":{"1":{"start":{"line":2,"column":0},"end":{"line":2,"column":34}},"2":{"start":{"line":3,"column":0},"end":{"line":3,"column":29}}},"branchMap":{},"code":["","Jison = require('./lib/jison.js');","bnf = require('ebnf-parser');",""],"l":{"2":1,"3":1}},"/home/travis/build/npmtest/node-npmtest-jison/node_modules/jison/lib/cli.js":{"path":"/home/travis/build/npmtest/node-npmtest-jison/node_modules/jison/lib/cli.js","s":{"1":1,"2":0,"3":0,"4":0,"5":0,"6":1,"7":1,"8":0,"9":1,"10":0,"11":0,"12":0,"13":0,"14":1,"15":0,"16":0,"17":0,"18":0,"19":0,"20":0,"21":0,"22":0,"23":0,"24":0,"25":0,"26":0,"27":0,"28":0,"29":0,"30":1,"31":0,"32":0,"33":0,"34":0,"35":0,"36":0,"37":1,"38":0,"39":0,"40":0,"41":0,"42":0,"43":1,"44":0,"45":0,"46":0,"47":0,"48":0,"49":0,"50":0,"51":0,"52":0,"53":0,"54":0,"55":0,"56":1,"57":0,"58":0,"59":0,"60":0,"61":0,"62":0,"63":0,"64":0,"65":0,"66":0,"67":0,"68":0,"69":0,"70":0,"71":0,"72":1,"73":0,"74":0},"b":{"1":[0,0],"2":[0,0],"3":[0,0],"4":[0,0],"5":[0,0],"6":[0,0],"7":[0,0],"8":[0,0],"9":[0,0],"10":[0,0],"11":[0,0],"12":[0,0],"13":[0,0],"14":[0,0],"15":[0,0],"16":[0,0],"17":[0,0],"18":[0,1]},"f":{"1":0,"2":0,"3":0,"4":0,"5":0,"6":0,"7":0,"8":0,"9":0,"10":0,"11":0,"12":0,"13":0},"fnMap":{"1":{"name":"getCommandlineOptions","line":3,"loc":{"start":{"line":3,"column":0},"end":{"line":3,"column":34}}},"2":{"name":"(anonymous_2)","line":54,"loc":{"start":{"line":54,"column":23},"end":{"line":54,"column":35}}},"3":{"name":"cliMain","line":64,"loc":{"start":{"line":64,"column":11},"end":{"line":64,"column":34}}},"4":{"name":"processGrammar","line":68,"loc":{"start":{"line":68,"column":4},"end":{"line":68,"column":44}}},"5":{"name":"processInputFile","line":76,"loc":{"start":{"line":76,"column":4},"end":{"line":76,"column":33}}},"6":{"name":"(anonymous_6)","line":99,"loc":{"start":{"line":99,"column":20},"end":{"line":99,"column":37}}},"7":{"name":"readin","line":108,"loc":{"start":{"line":108,"column":4},"end":{"line":108,"column":24}}},"8":{"name":"(anonymous_8)","line":113,"loc":{"start":{"line":113,"column":34},"end":{"line":113,"column":51}}},"9":{"name":"(anonymous_9)","line":116,"loc":{"start":{"line":116,"column":33},"end":{"line":116,"column":45}}},"10":{"name":"processStdin","line":121,"loc":{"start":{"line":121,"column":4},"end":{"line":121,"column":29}}},"11":{"name":"(anonymous_11)","line":122,"loc":{"start":{"line":122,"column":15},"end":{"line":122,"column":30}}},"12":{"name":"generateParserString","line":135,"loc":{"start":{"line":135,"column":27},"end":{"line":135,"column":72}}},"13":{"name":"processGrammars","line":157,"loc":{"start":{"line":157,"column":22},"end":{"line":157,"column":72}}}},"statementMap":{"1":{"start":{"line":3,"column":0},"end":{"line":60,"column":1}},"2":{"start":{"line":5,"column":4},"end":{"line":5,"column":53}},"3":{"start":{"line":6,"column":4},"end":{"line":57,"column":19}},"4":{"start":{"line":55,"column":16},"end":{"line":55,"column":31}},"5":{"start":{"line":59,"column":4},"end":{"line":59,"column":16}},"6":{"start":{"line":62,"column":0},"end":{"line":62,"column":25}},"7":{"start":{"line":64,"column":0},"end":{"line":133,"column":2}},"8":{"start":{"line":66,"column":4},"end":{"line":66,"column":22}},"9":{"start":{"line":68,"column":4},"end":{"line":74,"column":5}},"10":{"start":{"line":69,"column":8},"end":{"line":70,"column":15}},"11":{"start":{"line":71,"column":8},"end":{"line":71,"column":59}},"12":{"start":{"line":72,"column":8},"end":{"line":72,"column":57}},"13":{"start":{"line":73,"column":8},"end":{"line":73,"column":22}},"14":{"start":{"line":76,"column":4},"end":{"line":106,"column":5}},"15":{"start":{"line":77,"column":8},"end":{"line":77,"column":31}},"16":{"start":{"line":78,"column":8},"end":{"line":78,"column":35}},"17":{"start":{"line":81,"column":8},"end":{"line":81,"column":16}},"18":{"start":{"line":82,"column":8},"end":{"line":84,"column":9}},"19":{"start":{"line":83,"column":12},"end":{"line":83,"column":72}},"20":{"start":{"line":85,"column":8},"end":{"line":85,"column":69}},"21":{"start":{"line":88,"column":8},"end":{"line":88,"column":69}},"22":{"start":{"line":92,"column":8},"end":{"line":92,"column":62}},"23":{"start":{"line":94,"column":8},"end":{"line":94,"column":42}},"24":{"start":{"line":96,"column":8},"end":{"line":96,"column":54}},"25":{"start":{"line":97,"column":8},"end":{"line":102,"column":9}},"26":{"start":{"line":98,"column":12},"end":{"line":101,"column":19}},"27":{"start":{"line":100,"column":20},"end":{"line":100,"column":57}},"28":{"start":{"line":104,"column":8},"end":{"line":104,"column":52}},"29":{"start":{"line":105,"column":8},"end":{"line":105,"column":47}},"30":{"start":{"line":108,"column":4},"end":{"line":119,"column":5}},"31":{"start":{"line":109,"column":8},"end":{"line":110,"column":18}},"32":{"start":{"line":112,"column":8},"end":{"line":112,"column":34}},"33":{"start":{"line":113,"column":8},"end":{"line":115,"column":11}},"34":{"start":{"line":114,"column":12},"end":{"line":114,"column":26}},"35":{"start":{"line":116,"column":8},"end":{"line":118,"column":11}},"36":{"start":{"line":117,"column":12},"end":{"line":117,"column":21}},"37":{"start":{"line":121,"column":4},"end":{"line":125,"column":5}},"38":{"start":{"line":122,"column":8},"end":{"line":124,"column":11}},"39":{"start":{"line":123,"column":12},"end":{"line":123,"column":57}},"40":{"start":{"line":128,"column":4},"end":{"line":132,"column":5}},"41":{"start":{"line":129,"column":8},"end":{"line":129,"column":27}},"42":{"start":{"line":131,"column":8},"end":{"line":131,"column":23}},"43":{"start":{"line":135,"column":0},"end":{"line":155,"column":2}},"44":{"start":{"line":137,"column":4},"end":{"line":137,"column":22}},"45":{"start":{"line":138,"column":4},"end":{"line":138,"column":38}},"46":{"start":{"line":140,"column":4},"end":{"line":140,"column":41}},"47":{"start":{"line":142,"column":4},"end":{"line":144,"column":5}},"48":{"start":{"line":143,"column":8},"end":{"line":143,"column":44}},"49":{"start":{"line":145,"column":4},"end":{"line":147,"column":5}},"50":{"start":{"line":146,"column":8},"end":{"line":146,"column":46}},"51":{"start":{"line":148,"column":4},"end":{"line":148,"column":32}},"52":{"start":{"line":149,"column":4},"end":{"line":151,"column":5}},"53":{"start":{"line":150,"column":8},"end":{"line":150,"column":50}},"54":{"start":{"line":153,"column":4},"end":{"line":153,"column":59}},"55":{"start":{"line":154,"column":4},"end":{"line":154,"column":40}},"56":{"start":{"line":157,"column":0},"end":{"line":181,"column":2}},"57":{"start":{"line":159,"column":4},"end":{"line":159,"column":31}},"58":{"start":{"line":160,"column":4},"end":{"line":160,"column":33}},"59":{"start":{"line":161,"column":4},"end":{"line":161,"column":44}},"60":{"start":{"line":162,"column":4},"end":{"line":162,"column":33}},"61":{"start":{"line":163,"column":4},"end":{"line":163,"column":16}},"62":{"start":{"line":164,"column":4},"end":{"line":172,"column":5}},"63":{"start":{"line":165,"column":8},"end":{"line":169,"column":9}},"64":{"start":{"line":166,"column":12},"end":{"line":166,"column":40}},"65":{"start":{"line":168,"column":12},"end":{"line":168,"column":45}},"66":{"start":{"line":171,"column":8},"end":{"line":171,"column":57}},"67":{"start":{"line":173,"column":4},"end":{"line":179,"column":5}},"68":{"start":{"line":174,"column":8},"end":{"line":176,"column":9}},"69":{"start":{"line":175,"column":12},"end":{"line":175,"column":63}},"70":{"start":{"line":178,"column":8},"end":{"line":178,"column":55}},"71":{"start":{"line":180,"column":4},"end":{"line":180,"column":19}},"72":{"start":{"line":184,"column":0},"end":{"line":187,"column":1}},"73":{"start":{"line":185,"column":4},"end":{"line":185,"column":39}},"74":{"start":{"line":186,"column":4},"end":{"line":186,"column":19}}},"branchMap":{"1":{"line":66,"type":"binary-expr","locations":[{"start":{"line":66,"column":11},"end":{"line":66,"column":15}},{"start":{"line":66,"column":19},"end":{"line":66,"column":21}}]},"2":{"line":82,"type":"if","locations":[{"start":{"line":82,"column":8},"end":{"line":82,"column":8}},{"start":{"line":82,"column":8},"end":{"line":82,"column":8}}]},"3":{"line":88,"type":"binary-expr","locations":[{"start":{"line":88,"column":20},"end":{"line":88,"column":55}},{"start":{"line":88,"column":59},"end":{"line":88,"column":68}}]},"4":{"line":92,"type":"binary-expr","locations":[{"start":{"line":92,"column":34},"end":{"line":92,"column":46}},{"start":{"line":92,"column":50},"end":{"line":92,"column":59}}]},"5":{"line":96,"type":"binary-expr","locations":[{"start":{"line":96,"column":23},"end":{"line":96,"column":35}},{"start":{"line":96,"column":40},"end":{"line":96,"column":52}}]},"6":{"line":97,"type":"if","locations":[{"start":{"line":97,"column":8},"end":{"line":97,"column":8}},{"start":{"line":97,"column":8},"end":{"line":97,"column":8}}]},"7":{"line":97,"type":"binary-expr","locations":[{"start":{"line":97,"column":12},"end":{"line":97,"column":28}},{"start":{"line":97,"column":32},"end":{"line":97,"column":36}}]},"8":{"line":128,"type":"if","locations":[{"start":{"line":128,"column":4},"end":{"line":128,"column":4}},{"start":{"line":128,"column":4},"end":{"line":128,"column":4}}]},"9":{"line":137,"type":"binary-expr","locations":[{"start":{"line":137,"column":11},"end":{"line":137,"column":15}},{"start":{"line":137,"column":19},"end":{"line":137,"column":21}}]},"10":{"line":140,"type":"binary-expr","locations":[{"start":{"line":140,"column":19},"end":{"line":140,"column":34}},{"start":{"line":140,"column":38},"end":{"line":140,"column":40}}]},"11":{"line":142,"type":"if","locations":[{"start":{"line":142,"column":4},"end":{"line":142,"column":4}},{"start":{"line":142,"column":4},"end":{"line":142,"column":4}}]},"12":{"line":145,"type":"if","locations":[{"start":{"line":145,"column":4},"end":{"line":145,"column":4}},{"start":{"line":145,"column":4},"end":{"line":145,"column":4}}]},"13":{"line":149,"type":"if","locations":[{"start":{"line":149,"column":4},"end":{"line":149,"column":4}},{"start":{"line":149,"column":4},"end":{"line":149,"column":4}}]},"14":{"line":159,"type":"binary-expr","locations":[{"start":{"line":159,"column":14},"end":{"line":159,"column":21}},{"start":{"line":159,"column":25},"end":{"line":159,"column":30}}]},"15":{"line":160,"type":"binary-expr","locations":[{"start":{"line":160,"column":15},"end":{"line":160,"column":23}},{"start":{"line":160,"column":27},"end":{"line":160,"column":32}}]},"16":{"line":165,"type":"if","locations":[{"start":{"line":165,"column":8},"end":{"line":165,"column":8}},{"start":{"line":165,"column":8},"end":{"line":165,"column":8}}]},"17":{"line":174,"type":"if","locations":[{"start":{"line":174,"column":8},"end":{"line":174,"column":8}},{"start":{"line":174,"column":8},"end":{"line":174,"column":8}}]},"18":{"line":184,"type":"if","locations":[{"start":{"line":184,"column":0},"end":{"line":184,"column":0}},{"start":{"line":184,"column":0},"end":{"line":184,"column":0}}]}},"code":["//#!/usr/bin/env node","","function getCommandlineOptions () {","    \"use strict\";","    var version = require('../package.json').version;","    var opts = require(\"nomnom\")","        .script('jison')","        .option('file', {","            flag : true,","            position : 0,","            help : 'file containing a grammar'","        })","        .option('lexfile', {","            flag : true,","            position : 1,","            help : 'file containing a lexical grammar'","        })","        .option('json', {","            abbr : 'j',","            flag : true,","            help : 'force jison to expect a grammar in JSON format'","        })","        .option('outfile', {","            abbr : 'o',","            metavar : 'FILE',","            help : 'Filename and base module name of the generated parser'","        })","        .option('debug', {","            abbr : 't',","            flag : true,","        default:","            false,","            help : 'Debug mode'","        })","        .option('module-type', {","            abbr : 'm',","        default:","            'commonjs',","            metavar : 'TYPE',","            help : 'The type of module to generate (commonjs, amd, js)'","        })","        .option('parser-type', {","            abbr : 'p',","        default:","            'lalr',","            metavar : 'TYPE',","            help : 'The type of algorithm to use for the parser (lr0, slr,' +","                'lalr, lr)'","        })","        .option('version', {","            abbr : 'V',","            flag : true,","            help : 'print version and exit',","            callback : function () {","                return version;","            }","        }).parse();","","    return opts;","}","","var cli = module.exports;","","cli.main = function cliMain(opts) {","    \"use strict\";","    opts = opts || {};","","    function processGrammar(raw, lex, opts) {","        var grammar,","        parser;","        grammar = cli.processGrammars(raw, lex, opts.json);","        parser = cli.generateParserString(opts, grammar);","        return parser;","    }","","    function processInputFile () {","        var fs = require('fs');","        var path = require('path');","","        // getting raw files","        var lex;","        if (opts.lexfile) {","            lex = fs.readFileSync(path.normalize(opts.lexfile), 'utf8');","        }","        var raw = fs.readFileSync(path.normalize(opts.file), 'utf8');","","        // making best guess at json mode","        opts.json = path.extname(opts.file) === '.json' || opts.json;","","        // setting output file name and module name based on input file name","        // if they aren't specified.","        var name = path.basename((opts.outfile || opts.file));","","        name = name.replace(/\\..*$/g, '');","","        opts.outfile = opts.outfile || (name + '.js');","        if (!opts.moduleName && name) {","            opts.moduleName = name.replace(/-\\w/g,","                    function (match) {","                    return match.charAt(1).toUpperCase();","                });","        }","","        var parser = processGrammar(raw, lex, opts);","        fs.writeFileSync(opts.outfile, parser);","    }","","    function readin(cb) {","        var stdin = process.openStdin(),","        data = '';","","        stdin.setEncoding('utf8');","        stdin.addListener('data', function (chunk) {","            data += chunk;","        });","        stdin.addListener('end', function () {","            cb(data);","        });","    }","","    function processStdin () {","        readin(function (raw) {","            console.log(processGrammar(raw, null, opts));","        });","    }","","    // if an input file wasn't given, assume input on stdin","    if (opts.file) {","        processInputFile();","    } else {","        processStdin();","    }","};","","cli.generateParserString = function generateParserString(opts, grammar) {","    \"use strict\";","    opts = opts || {};","    var jison = require('./jison.js');","","    var settings = grammar.options || {};","","    if (opts['parser-type']) {","        settings.type = opts['parser-type'];","    }","    if (opts.moduleName) {","        settings.moduleName = opts.moduleName;","    }","    settings.debug = opts.debug;","    if (!settings.moduleType) {","        settings.moduleType = opts['module-type'];","    }","","    var generator = new jison.Generator(grammar, settings);","    return generator.generate(settings);","};","","cli.processGrammars = function processGrammars(file, lexFile, jsonMode) {","    \"use strict\";","    lexFile = lexFile || false;","    jsonMode = jsonMode || false;","    var ebnfParser = require('ebnf-parser');","    var cjson = require('cjson');","    var grammar;","    try {","        if (jsonMode) {","            grammar = cjson.parse(file);","        } else {","            grammar = ebnfParser.parse(file);","        }","    } catch (e) {","        throw new Error('Could not parse jison grammar');","    }","    try {","        if (lexFile) {","            grammar.lex = require('lex-parser').parse(lexFile);","        }","    } catch (e) {","        throw new Error('Could not parse lex grammar');","    }","    return grammar;","};","","","if (require.main === module) {","    var opts = getCommandlineOptions();","    cli.main(opts);","}",""],"l":{"3":1,"5":0,"6":0,"55":0,"59":0,"62":1,"64":1,"66":0,"68":1,"69":0,"71":0,"72":0,"73":0,"76":1,"77":0,"78":0,"81":0,"82":0,"83":0,"85":0,"88":0,"92":0,"94":0,"96":0,"97":0,"98":0,"100":0,"104":0,"105":0,"108":1,"109":0,"112":0,"113":0,"114":0,"116":0,"117":0,"121":1,"122":0,"123":0,"128":0,"129":0,"131":0,"135":1,"137":0,"138":0,"140":0,"142":0,"143":0,"145":0,"146":0,"148":0,"149":0,"150":0,"153":0,"154":0,"157":1,"159":0,"160":0,"161":0,"162":0,"163":0,"164":0,"165":0,"166":0,"168":0,"171":0,"173":0,"174":0,"175":0,"178":0,"180":0,"184":1,"185":0,"186":0}}}